\BOOKMARK [0][-]{chapter*.4}{\376\377\000R\000e\000s\000u\000m\000e\000n\000\040\000E\000j\000e\000c\000u\000t\000i\000v\000o}{}% 1
\BOOKMARK [0][-]{chapter.1}{\376\377\000I\000n\000t\000r\000o\000d\000u\000c\000c\000i\000\363\000n}{}% 2
\BOOKMARK [1][-]{section.1.1}{\376\377\000P\000r\000e\000s\000e\000n\000t\000a\000c\000i\000\363\000n}{chapter.1}% 3
\BOOKMARK [1][-]{section.1.2}{\376\377\000O\000r\000g\000a\000n\000i\000z\000a\000c\000i\000\363\000n\000\040\000d\000e\000l\000\040\000c\000o\000n\000t\000e\000n\000i\000d\000o}{chapter.1}% 4
\BOOKMARK [1][-]{section.1.3}{\376\377\000N\000o\000t\000a\000c\000i\000\363\000n\000,\000\040\000s\000\355\000m\000b\000o\000l\000o\000s\000\040\000y\000\040\000c\000o\000n\000v\000e\000n\000c\000i\000o\000n\000e\000s\000\040\000u\000t\000i\000l\000i\000z\000a\000d\000a\000s}{chapter.1}% 5
\BOOKMARK [0][-]{chapter.2}{\376\377\000M\000o\000d\000e\000l\000o\000\040\000d\000e\000l\000\040\000a\000l\000c\000a\000n\000c\000e}{}% 6
\BOOKMARK [1][-]{section.2.1}{\376\377\000A\000n\000\341\000l\000i\000s\000i\000s\000\040\000d\000e\000\040\000l\000a\000\040\000p\000r\000o\000b\000l\000e\000m\000\341\000t\000i\000c\000a}{chapter.2}% 7
\BOOKMARK [2][-]{subsection.2.1.1}{\376\377\000C\000o\000n\000t\000e\000x\000t\000o\000\040\000d\000e\000l\000\040\000p\000r\000o\000y\000e\000c\000t\000o}{section.2.1}% 8
\BOOKMARK [2][-]{subsection.2.1.2}{\376\377\000P\000r\000o\000b\000l\000e\000m\000a\000s\000\040\000i\000d\000e\000n\000t\000i\000f\000i\000c\000a\000d\000o\000s}{section.2.1}% 9
\BOOKMARK [2][-]{subsection.2.1.3}{\376\377\000A\000n\000\341\000l\000i\000s\000i\000s\000\040\000d\000e\000\040\000c\000a\000u\000s\000a\000s\000\040\000p\000r\000o\000b\000a\000b\000l\000e\000s}{section.2.1}% 10
\BOOKMARK [2][-]{subsection.2.1.4}{\376\377\000A\000n\000\341\000l\000i\000s\000i\000s\000\040\000d\000e\000\040\000p\000o\000s\000i\000b\000l\000e\000s\000\040\000c\000o\000n\000s\000e\000c\000u\000e\000n\000c\000i\000a\000s}{section.2.1}% 11
\BOOKMARK [2][-]{subsection.2.1.5}{\376\377\000C\000a\000r\000a\000c\000t\000e\000r\000\355\000s\000t\000i\000c\000a\000s\000\040\000d\000e\000\040\000l\000a\000\040\000s\000o\000l\000u\000c\000i\000\363\000n}{section.2.1}% 12
\BOOKMARK [2][-]{subsection.2.1.6}{\376\377\000S\000\355\000n\000t\000e\000s\000i\000s\000\040\000d\000e\000\040\000l\000a\000\040\000p\000r\000o\000b\000l\000e\000m\000\341\000t\000i\000c\000a}{section.2.1}% 13
\BOOKMARK [1][-]{section.2.2}{\376\377\000O\000b\000j\000e\000t\000i\000v\000o\000s\000\040\000d\000e\000l\000\040\000p\000r\000o\000y\000e\000c\000t\000o}{chapter.2}% 14
\BOOKMARK [2][-]{subsection.2.2.1}{\376\377\000O\000b\000j\000e\000t\000i\000v\000o\000\040\000g\000e\000n\000e\000r\000a\000l}{section.2.2}% 15
\BOOKMARK [2][-]{subsection.2.2.2}{\376\377\000O\000b\000j\000e\000t\000i\000v\000o\000s\000\040\000e\000s\000p\000e\000c\000\355\000f\000i\000c\000o\000s}{section.2.2}% 16
\BOOKMARK [1][-]{section.2.3}{\376\377\000U\000s\000u\000a\000r\000i\000o\000s\000\040\000i\000d\000e\000n\000t\000i\000f\000i\000c\000a\000d\000o\000s}{chapter.2}% 17
\BOOKMARK [1][-]{section.2.4}{\376\377\000P\000r\000o\000c\000e\000s\000o\000s\000\040\000i\000n\000v\000o\000l\000u\000c\000r\000a\000d\000o\000s}{chapter.2}% 18
\BOOKMARK [1][-]{section.2.5}{\376\377\000R\000e\000q\000u\000e\000r\000i\000m\000i\000e\000n\000t\000o\000s\000\040\000d\000e\000\040\000u\000s\000u\000a\000r\000i\000o}{chapter.2}% 19
\BOOKMARK [1][-]{section.2.6}{\376\377\000E\000s\000p\000e\000c\000i\000f\000i\000c\000a\000c\000i\000\363\000n\000\040\000d\000e\000\040\000p\000l\000a\000t\000a\000f\000o\000r\000m\000a}{chapter.2}% 20
\BOOKMARK [0][-]{chapter.3}{\376\377\000M\000o\000d\000e\000l\000o\000\040\000d\000e\000l\000\040\000N\000e\000g\000o\000c\000i\000o}{}% 21
\BOOKMARK [1][-]{section.3.1}{\376\377\000A\000c\000t\000o\000r\000e\000s\000\040\000d\000e\000l\000\040\000s\000i\000s\000t\000e\000m\000a}{chapter.3}% 22
\BOOKMARK [2][-]{subsection.3.1.1}{\376\377\000C\000o\000o\000r\000d\000i\000n\000a\000d\000o\000r\000\040\000d\000e\000\040\000D\000o\000c\000u\000m\000e\000n\000t\000a\000c\000i\000\363\000n}{section.3.1}% 23
\BOOKMARK [2][-]{subsection.3.1.2}{\376\377\000A\000n\000a\000l\000i\000s\000t\000a\000\040\000d\000e\000\040\000D\000a\000t\000o\000s}{section.3.1}% 24
\BOOKMARK [2][-]{subsection.3.1.3}{\376\377\000I\000n\000v\000e\000s\000t\000i\000g\000a\000d\000o\000r\000\040\000A\000c\000a\000d\000\351\000m\000i\000c\000o}{section.3.1}% 25
\BOOKMARK [2][-]{subsection.3.1.4}{\376\377\000F\000u\000n\000c\000i\000o\000n\000a\000r\000i\000o\000\040\000d\000e\000\040\000P\000o\000l\000\355\000t\000i\000c\000a\000\040\000P\000\372\000b\000l\000i\000c\000a}{section.3.1}% 26
\BOOKMARK [2][-]{subsection.3.1.5}{\376\377\000P\000e\000r\000i\000o\000d\000i\000s\000t\000a\000\040\000d\000e\000\040\000I\000n\000v\000e\000s\000t\000i\000g\000a\000c\000i\000\363\000n}{section.3.1}% 27
\BOOKMARK [2][-]{subsection.3.1.6}{\376\377\000A\000d\000m\000i\000n\000i\000s\000t\000r\000a\000d\000o\000r\000\040\000d\000e\000l\000\040\000S\000i\000s\000t\000e\000m\000a}{section.3.1}% 28
\BOOKMARK [1][-]{section.3.2}{\376\377\000T\000\351\000r\000m\000i\000n\000o\000s\000\040\000d\000e\000l\000\040\000N\000e\000g\000o\000c\000i\000o}{chapter.3}% 29
\BOOKMARK [1][-]{section.3.3}{\376\377\000M\000o\000d\000e\000l\000o\000\040\000d\000e\000l\000\040\000d\000o\000m\000i\000n\000i\000o\000\040\000d\000e\000l\000\040\000p\000r\000o\000b\000l\000e\000m\000a}{chapter.3}% 30
\BOOKMARK [2][-]{subsection.3.3.1}{\376\377\000E\000n\000t\000i\000d\000a\000d\000:\000\040\000N\000o\000t\000i\000c\000i\000a}{section.3.3}% 31
\BOOKMARK [2][-]{subsection.3.3.2}{\376\377\000E\000n\000t\000i\000d\000a\000d\000:\000\040\000M\000e\000d\000i\000o\000\040\000d\000e\000\040\000C\000o\000m\000u\000n\000i\000c\000a\000c\000i\000\363\000n}{section.3.3}% 32
\BOOKMARK [2][-]{subsection.3.3.3}{\376\377\000E\000n\000t\000i\000d\000a\000d\000:\000\040\000C\000l\000u\000s\000t\000e\000r\000\040\000d\000e\000\040\000N\000o\000t\000i\000c\000i\000a\000s}{section.3.3}% 33
\BOOKMARK [2][-]{subsection.3.3.4}{\376\377\000E\000n\000t\000i\000d\000a\000d\000:\000\040\000M\000e\000n\000c\000i\000\363\000n\000\040\000d\000e\000\040\000N\000N\000A}{section.3.3}% 34
\BOOKMARK [2][-]{subsection.3.3.5}{\376\377\000E\000n\000t\000i\000d\000a\000d\000:\000\040\000T\000\363\000p\000i\000c\000o\000\040\000L\000D\000A}{section.3.3}% 35
\BOOKMARK [2][-]{subsection.3.3.6}{\376\377\000E\000n\000t\000i\000d\000a\000d\000:\000\040\000C\000a\000s\000o\000\040\000d\000e\000\040\000F\000e\000m\000i\000n\000i\000c\000i\000d\000i\000o}{section.3.3}% 36
\BOOKMARK [2][-]{subsection.3.3.7}{\376\377\000E\000n\000t\000i\000d\000a\000d\000:\000\040\000F\000u\000e\000n\000t\000e\000\040\000R\000S\000S}{section.3.3}% 37
\BOOKMARK [1][-]{section.3.4}{\376\377\000M\000o\000d\000e\000l\000a\000d\000o\000\040\000d\000e\000\040\000R\000e\000g\000l\000a\000s\000\040\000d\000e\000\040\000n\000e\000g\000o\000c\000i\000o}{chapter.3}% 38
\BOOKMARK [1][-]{section.3.5}{\376\377\000M\000\341\000q\000u\000i\000n\000a\000s\000\040\000d\000e\000\040\000e\000s\000t\000a\000d\000o}{chapter.3}% 39
\BOOKMARK [2][-]{subsection.3.5.1}{\376\377\000E\000s\000t\000a\000d\000o\000s\000\040\000p\000a\000r\000a\000\040\000u\000n\000\040\000p\000r\000\351\000s\000t\000a\000m\000o}{section.3.5}% 40
\BOOKMARK [0][-]{chapter.4}{\376\377\000M\000o\000d\000e\000l\000o\000\040\000d\000i\000n\000\341\000m\000i\000c\000o}{}% 41
\BOOKMARK [1][-]{section.4.1}{\376\377\000D\000e\000s\000c\000r\000i\000p\000c\000i\000\363\000n\000\040\000d\000e\000\040\000c\000a\000s\000o\000s\000\040\000d\000e\000\040\000u\000s\000o}{chapter.4}% 42
\BOOKMARK [1][-]{section.4.2}{\376\377\000C\000U\000X\000\040\000E\000s\000c\000r\000i\000b\000a\000\040\000e\000l\000\040\000n\000o\000m\000b\000r\000e\000\040\000d\000e\000l\000\040\000c\000a\000s\000o\000\040\000d\000e\000\040\000u\000s\000o}{chapter.4}% 43
\BOOKMARK [2][-]{subsection.4.2.1}{\376\377\000D\000e\000s\000c\000r\000i\000p\000c\000i\000\363\000n\000\040\000c\000o\000m\000p\000l\000e\000t\000a}{section.4.2}% 44
\BOOKMARK [2][-]{subsection.4.2.2}{\376\377\000A\000t\000r\000i\000b\000u\000t\000o\000s\000\040\000i\000m\000p\000o\000r\000t\000a\000n\000t\000e\000s}{section.4.2}% 45
\BOOKMARK [2][-]{subsection.4.2.3}{\376\377\000T\000r\000a\000y\000e\000c\000t\000o\000r\000i\000a\000s\000\040\000d\000e\000l\000\040\000C\000a\000s\000o\000\040\000d\000e\000\040\000U\000s\000o}{section.4.2}% 46
\BOOKMARK [2][-]{subsection.4.2.4}{\376\377\000P\000u\000n\000t\000o\000s\000\040\000d\000e\000\040\000e\000x\000t\000e\000n\000s\000i\000\363\000n}{section.4.2}% 47
\BOOKMARK [1][-]{section.4.3}{\376\377\000C\000U\000X\000\040\000E\000s\000c\000r\000i\000b\000a\000\040\000e\000l\000\040\000n\000o\000m\000b\000r\000e\000\040\000d\000e\000l\000\040\000c\000a\000s\000o\000\040\000d\000e\000\040\000u\000s\000o}{chapter.4}% 48
\BOOKMARK [2][-]{subsection.4.3.1}{\376\377\000D\000e\000s\000c\000r\000i\000p\000c\000i\000\363\000n\000\040\000c\000o\000m\000p\000l\000e\000t\000a}{section.4.3}% 49
\BOOKMARK [2][-]{subsection.4.3.2}{\376\377\000A\000t\000r\000i\000b\000u\000t\000o\000s\000\040\000i\000m\000p\000o\000r\000t\000a\000n\000t\000e\000s}{section.4.3}% 50
\BOOKMARK [2][-]{subsection.4.3.3}{\376\377\000T\000r\000a\000y\000e\000c\000t\000o\000r\000i\000a\000s\000\040\000d\000e\000l\000\040\000C\000a\000s\000o\000\040\000d\000e\000\040\000U\000s\000o}{section.4.3}% 51
\BOOKMARK [2][-]{subsection.4.3.4}{\376\377\000P\000u\000n\000t\000o\000s\000\040\000d\000e\000\040\000e\000x\000t\000e\000n\000s\000i\000\363\000n}{section.4.3}% 52
\BOOKMARK [0][-]{chapter.5}{\376\377\000M\000o\000d\000e\000l\000o\000\040\000d\000e\000\040\000l\000a\000\040\000i\000n\000t\000e\000r\000a\000c\000c\000i\000\363\000n}{}% 53
\BOOKMARK [1][-]{section.5.1}{\376\377\000M\000o\000d\000e\000l\000o\000\040\000d\000e\000\040\000n\000a\000v\000e\000g\000a\000c\000i\000\363\000n}{chapter.5}% 54
\BOOKMARK [1][-]{section.5.2}{\376\377\000I\000U\000X\000\040\000I\000n\000t\000e\000r\000f\000a\000z\000\040\000\050\000n\000o\000m\000b\000r\000e\000\040\000d\000e\000\040\000l\000a\000\040\000i\000n\000t\000e\000r\000f\000a\000z\000\051}{chapter.5}% 55
\BOOKMARK [2][-]{subsection.5.2.1}{\376\377\000O\000b\000j\000e\000t\000i\000v\000o}{section.5.2}% 56
\BOOKMARK [2][-]{subsection.5.2.2}{\376\377\000D\000i\000s\000e\000\361\000o}{section.5.2}% 57
\BOOKMARK [2][-]{subsection.5.2.3}{\376\377\000S\000a\000l\000i\000d\000a\000s}{section.5.2}% 58
\BOOKMARK [2][-]{subsection.5.2.4}{\376\377\000E\000n\000t\000r\000a\000d\000a\000s}{section.5.2}% 59
\BOOKMARK [2][-]{subsection.5.2.5}{\376\377\000C\000o\000m\000a\000n\000d\000o\000s}{section.5.2}% 60
\BOOKMARK [1][-]{section.5.3}{\376\377\000C\000a\000t\000\341\000l\000o\000g\000o\000\040\000d\000e\000\040\000m\000e\000n\000s\000a\000j\000e\000s}{chapter.5}% 61
\BOOKMARK [2][-]{subsection.5.3.1}{\376\377\000L\000i\000s\000t\000a\000\040\000d\000e\000\040\000m\000e\000n\000s\000a\000j\000e\000s}{section.5.3}% 62
\BOOKMARK [0][-]{appendix.Alph1}{\376\377\000A\000n\000e\000x\000o\000s}{}% 63
\BOOKMARK [1][-]{section.Alph1.1}{\376\377\000G\000l\000o\000s\000a\000r\000i\000o\000\040\000d\000e\000\040\000T\000\351\000r\000m\000i\000n\000o\000s}{appendix.Alph1}% 64
\BOOKMARK [1][-]{section.Alph1.2}{\376\377\000C\000o\000n\000f\000i\000g\000u\000r\000a\000c\000i\000\363\000n\000\040\000d\000e\000l\000\040\000E\000n\000t\000o\000r\000n\000o\000\040\000d\000e\000\040\000D\000e\000s\000a\000r\000r\000o\000l\000l\000o}{appendix.Alph1}% 65
\BOOKMARK [1][-]{section.Alph1.3}{\376\377\000E\000j\000e\000m\000p\000l\000o\000s\000\040\000d\000e\000\040\000C\000a\000s\000o\000s\000\040\000d\000e\000\040\000U\000s\000o}{appendix.Alph1}% 66
\BOOKMARK [1][-]{section.Alph1.4}{\376\377\000C\000\363\000d\000i\000g\000o\000\040\000d\000e\000\040\000E\000j\000e\000m\000p\000l\000o\000:\000\040\000D\000e\000t\000e\000c\000t\000o\000r\000\040\000d\000e\000\040\000R\000e\000l\000e\000v\000a\000n\000c\000i\000a}{appendix.Alph1}% 67
\BOOKMARK [1][-]{section.Alph1.5}{\376\377\000D\000i\000a\000g\000r\000a\000m\000a\000s\000\040\000C\000o\000m\000p\000l\000e\000m\000e\000n\000t\000a\000r\000i\000o\000s}{appendix.Alph1}% 68
\BOOKMARK [1][-]{section.Alph1.6}{\376\377\000R\000e\000f\000e\000r\000e\000n\000c\000i\000a\000s\000\040\000d\000e\000\040\000C\000o\000n\000t\000a\000c\000t\000o}{appendix.Alph1}% 69
