This is pdfTeX, Version 3.141592653-2.6-1.40.27 (MiKTeX 25.4) (preloaded format=pdflatex 2025.10.30)  26 DEC 2025 11:53
entering extended mode
 restricted \write18 enabled.
 %&-line parsing enabled.
**./proyecto.tex
(proyecto.tex
LaTeX2e <2025-06-01> patch level 1
L3 programming layer <2025-10-09>
(C:\Users\Hector.Morales\AppData\Local\Programs\MiKTeX\tex/latex/base\book.cls
Document Class: book 2025/01/22 v1.4n Standard LaTeX document class
(C:\Users\Hector.Morales\AppData\Local\Programs\MiKTeX\tex/latex/base\bk10.clo
File: bk10.clo 2025/01/22 v1.4n Standard LaTeX file (size option)
)
\c@part=\count275
\c@chapter=\count276
\c@section=\count277
\c@subsection=\count278
\c@subsubsection=\count279
\c@paragraph=\count280
\c@subparagraph=\count281
\c@figure=\count282
\c@table=\count283
\abovecaptionskip=\skip49
\belowcaptionskip=\skip50
\bibindent=\dimen148
) (cdt/cdtUsecases.sty (cdt/cdtRequerimientos.sty (cdt/cdtBook.sty
Package: cdt/cdtBook 2010/05/30, v1.0 CDT-ESCOM-IPN Plantilla para reportes de 
la Coordinación

(C:\Users\Hector.Morales\AppData\Local\Programs\MiKTeX\tex/latex/base\inputenc.
sty
Package: inputenc 2024/02/08 v1.3d Input encoding file
\inpenc@prehook=\toks17
\inpenc@posthook=\toks18
)
(C:\Users\Hector.Morales\AppData\Local\Programs\MiKTeX\tex/generic/babel\babel.
sty
Package: babel 2025/10/22 v25.14 The multilingual framework for LuaLaTeX, pdfLa
TeX and XeLaTeX
\babel@savecnt=\count284
LaTeX Encoding Info:    Redeclaring text command \ij (encoding OT1) on input li
ne 2050.
LaTeX Encoding Info:    Redeclaring text command \IJ (encoding OT1) on input li
ne 2052.
LaTeX Encoding Info:    Redeclaring text command \ij (encoding T1) on input lin
e 2054.
LaTeX Encoding Info:    Redeclaring text command \IJ (encoding T1) on input lin
e 2055.
LaTeX Encoding Info:    Ignoring declaration for text command \ij (encoding ?) 
on input line 2056.
LaTeX Encoding Info:    Ignoring declaration for text command \IJ (encoding ?) 
on input line 2058.
LaTeX Encoding Info:    Ignoring declaration for text command \SS (encoding ?) 
on input line 2083.
\U@D=\dimen149
\l@unhyphenated=\language79

(C:\Users\Hector.Morales\AppData\Local\Programs\MiKTeX\tex/generic/babel\txtbab
el.def)
\bbl@readstream=\read2
\bbl@dirlevel=\count285


Package babel Warning: Configuration files are deprecated, as
(babel)                they can break document portability.
(babel)                Reported on input line 4172.

*************************************
* Local config file bblopts.cfg used
*

(C:\Users\Hector.Morales\AppData\Local\Programs\MiKTeX\tex/latex/arabi\bblopts.
cfg
File: bblopts.cfg 2005/09/08 v0.1 add Arabic and Farsi to "declared" options of
 babel
)
(C:\Users\Hector.Morales\AppData\Local\Programs\MiKTeX\tex/generic/babel/locale
/es\babel-spanish.tex)
Package babel Info: Importing font and identification data for spanish
(babel)             from babel-es.ini. Reported on input line 4295.

(C:\Users\Hector.Morales\AppData\Local\Programs\MiKTeX\tex/latex/babel-spanish\
spanish.ldf
Language: spanish.ldf 2021/05/27 v5.0q Spanish support from the babel system
\es@quottoks=\toks19
\es@quotdepth=\count286
Package babel Info: Making " an active character on input line 570.
Package babel Info: Making . an active character on input line 675.
Package babel Info: Making < an active character on input line 722.
Package babel Info: Making > an active character on input line 722.
))
LaTeX Encoding Info:    Redeclaring text command \guillemotleft (encoding OT1) 
on input line 12.
LaTeX Encoding Info:    Redeclaring text command \guillemotright (encoding OT1)
 on input line 12.

(C:\Users\Hector.Morales\AppData\Local\Programs\MiKTeX\tex/latex/cmbright\cmbri
ght.sty
Package: cmbright 2005/04/13 v8.1 (WaS)
LaTeX Font Info:    Redeclaring symbol font `operators' on input line 29.
LaTeX Font Info:    Overwriting symbol font `operators' in version `normal'
(Font)                  OT1/cmr/m/n --> OT1/cmbr/m/n on input line 29.
LaTeX Font Info:    Overwriting symbol font `operators' in version `bold'
(Font)                  OT1/cmr/bx/n --> OT1/cmbr/m/n on input line 29.
LaTeX Font Info:    Redeclaring symbol font `letters' on input line 30.
LaTeX Font Info:    Overwriting symbol font `letters' in version `normal'
(Font)                  OML/cmm/m/it --> OML/cmbrm/m/it on input line 30.
LaTeX Font Info:    Overwriting symbol font `letters' in version `bold'
(Font)                  OML/cmm/b/it --> OML/cmbrm/m/it on input line 30.
LaTeX Font Info:    Overwriting symbol font `letters' in version `bold'
(Font)                  OML/cmbrm/m/it --> OML/cmbrm/b/it on input line 31.
LaTeX Font Info:    Redeclaring symbol font `symbols' on input line 32.
LaTeX Font Info:    Overwriting symbol font `symbols' in version `normal'
(Font)                  OMS/cmsy/m/n --> OMS/cmbrs/m/n on input line 32.
LaTeX Font Info:    Overwriting symbol font `symbols' in version `bold'
(Font)                  OMS/cmsy/b/n --> OMS/cmbrs/m/n on input line 32.
LaTeX Font Info:    Redeclaring math alphabet \mathit on input line 33.
LaTeX Font Info:    Overwriting math alphabet `\mathit' in version `normal'
(Font)                  OT1/cmr/m/it --> OT1/cmbr/m/sl on input line 33.
LaTeX Font Info:    Overwriting math alphabet `\mathit' in version `bold'
(Font)                  OT1/cmr/bx/it --> OT1/cmbr/m/sl on input line 33.
LaTeX Font Info:    Redeclaring math alphabet \mathbf on input line 34.
LaTeX Font Info:    Overwriting math alphabet `\mathbf' in version `normal'
(Font)                  OT1/cmr/bx/n --> OT1/cmbr/bx/n on input line 34.
LaTeX Font Info:    Overwriting math alphabet `\mathbf' in version `bold'
(Font)                  OT1/cmr/bx/n --> OT1/cmbr/bx/n on input line 34.
LaTeX Font Info:    Redeclaring math alphabet \mathtt on input line 35.
LaTeX Font Info:    Overwriting math alphabet `\mathtt' in version `normal'
(Font)                  OT1/cmtt/m/n --> OT1/cmtl/m/n on input line 35.
LaTeX Font Info:    Overwriting math alphabet `\mathtt' in version `bold'
(Font)                  OT1/cmtt/m/n --> OT1/cmtl/m/n on input line 35.
LaTeX Font Info:    Redeclaring math symbol \alpha on input line 37.
LaTeX Font Info:    Redeclaring math symbol \beta on input line 38.
LaTeX Font Info:    Redeclaring math symbol \gamma on input line 39.
LaTeX Font Info:    Redeclaring math symbol \delta on input line 40.
LaTeX Font Info:    Redeclaring math symbol \epsilon on input line 41.
LaTeX Font Info:    Redeclaring math symbol \zeta on input line 42.
LaTeX Font Info:    Redeclaring math symbol \eta on input line 43.
LaTeX Font Info:    Redeclaring math symbol \theta on input line 44.
LaTeX Font Info:    Redeclaring math symbol \iota on input line 45.
LaTeX Font Info:    Redeclaring math symbol \kappa on input line 46.
LaTeX Font Info:    Redeclaring math symbol \lambda on input line 47.
LaTeX Font Info:    Redeclaring math symbol \mu on input line 48.
LaTeX Font Info:    Redeclaring math symbol \nu on input line 49.
LaTeX Font Info:    Redeclaring math symbol \xi on input line 50.
LaTeX Font Info:    Redeclaring math symbol \pi on input line 51.
LaTeX Font Info:    Redeclaring math symbol \rho on input line 52.
LaTeX Font Info:    Redeclaring math symbol \sigma on input line 53.
LaTeX Font Info:    Redeclaring math symbol \tau on input line 54.
LaTeX Font Info:    Redeclaring math symbol \upsilon on input line 55.
LaTeX Font Info:    Redeclaring math symbol \phi on input line 56.
LaTeX Font Info:    Redeclaring math symbol \chi on input line 57.
LaTeX Font Info:    Redeclaring math symbol \psi on input line 58.
LaTeX Font Info:    Redeclaring math symbol \omega on input line 59.
LaTeX Font Info:    Redeclaring math symbol \varepsilon on input line 60.
LaTeX Font Info:    Redeclaring math symbol \vartheta on input line 61.
LaTeX Font Info:    Redeclaring math symbol \varpi on input line 62.
LaTeX Font Info:    Redeclaring math symbol \varrho on input line 63.
LaTeX Font Info:    Redeclaring math symbol \varsigma on input line 64.
LaTeX Font Info:    Redeclaring math symbol \varphi on input line 65.
LaTeX Info: Redefining \LaTeX on input line 129.
LaTeX Info: Redefining \LaTeXe on input line 139.
LaTeX Font Info:    Trying to load font information for OT1+cmbr on input line 
144.

(C:\Users\Hector.Morales\AppData\Local\Programs\MiKTeX\tex/latex/cmbright\ot1cm
br.fd
File: ot1cmbr.fd 2005/04/13 v8.1 (WaS)
))
(C:\Users\Hector.Morales\AppData\Local\Programs\MiKTeX\tex/latex/graphics\graph
icx.sty
Package: graphicx 2024/12/31 v1.2e Enhanced LaTeX Graphics (DPC,SPQR)

(C:\Users\Hector.Morales\AppData\Local\Programs\MiKTeX\tex/latex/graphics\keyva
l.sty
Package: keyval 2022/05/29 v1.15 key=value parser (DPC)
\KV@toks@=\toks20
)
(C:\Users\Hector.Morales\AppData\Local\Programs\MiKTeX\tex/latex/graphics\graph
ics.sty
Package: graphics 2024/08/06 v1.4g Standard LaTeX Graphics (DPC,SPQR)

(C:\Users\Hector.Morales\AppData\Local\Programs\MiKTeX\tex/latex/graphics\trig.
sty
Package: trig 2023/12/02 v1.11 sin cos tan (DPC)
)
(C:\Users\Hector.Morales\AppData\Local\Programs\MiKTeX\tex/latex/graphics-cfg\g
raphics.cfg
File: graphics.cfg 2016/06/04 v1.11 sample graphics configuration
)
Package graphics Info: Driver file: pdftex.def on input line 106.

(C:\Users\Hector.Morales\AppData\Local\Programs\MiKTeX\tex/latex/graphics-def\p
dftex.def
File: pdftex.def 2025/09/29 v1.2d Graphics/color driver for pdftex
))
\Gin@req@height=\dimen150
\Gin@req@width=\dimen151
)
(C:\Users\Hector.Morales\AppData\Local\Programs\MiKTeX\tex/latex/graphics\color
.sty
Package: color 2025/01/14 v1.3e Standard LaTeX Color (DPC)

(C:\Users\Hector.Morales\AppData\Local\Programs\MiKTeX\tex/latex/graphics-cfg\c
olor.cfg
File: color.cfg 2016/01/02 v1.6 sample color configuration
)
Package color Info: Driver file: pdftex.def on input line 149.

(C:\Users\Hector.Morales\AppData\Local\Programs\MiKTeX\tex/latex/graphics\dvips
nam.def
File: dvipsnam.def 2016/06/17 v3.0m Driver-dependent file (DPC,SPQR)
)
(C:\Users\Hector.Morales\AppData\Local\Programs\MiKTeX\tex/latex/graphics\mathc
olor.ltx))
(C:\Users\Hector.Morales\AppData\Local\Programs\MiKTeX\tex/latex/wallpaper\wall
paper.sty
Package: wallpaper 2005/01/18, v1.01 easy wallpaper formatting (MHFW)

(C:\Users\Hector.Morales\AppData\Local\Programs\MiKTeX\tex/latex/base\ifthen.st
y
Package: ifthen 2024/03/16 v1.1e Standard LaTeX ifthen package (DPC)
)
(C:\Users\Hector.Morales\AppData\Local\Programs\MiKTeX\tex/latex/tools\calc.sty
Package: calc 2025/03/01 v4.3b Infix arithmetic (KKT,FJ)
\calc@Acount=\count287
\calc@Bcount=\count288
\calc@Adimen=\dimen152
\calc@Bdimen=\dimen153
\calc@Askip=\skip51
\calc@Bskip=\skip52
LaTeX Info: Redefining \setlength on input line 86.
LaTeX Info: Redefining \addtolength on input line 87.
\calc@Ccount=\count289
\calc@Cskip=\skip53
)
(C:\Users\Hector.Morales\AppData\Local\Programs\MiKTeX\tex/latex/eso-pic\eso-pi
c.sty
Package: eso-pic 2023/05/03 v3.0c eso-pic (RN)
\ESO@tempdima=\dimen154
\ESO@tempdimb=\dimen155
)
\wpXoffset=\skip54
\wpYoffset=\skip55
\tileXoffset=\skip56
\tileYoffset=\skip57
\tilewidth=\skip58
\tileheight=\skip59
\tileX=\skip60
\tileY=\skip61
)
(C:\Users\Hector.Morales\AppData\Local\Programs\MiKTeX\tex/latex/fancyhdr\fancy
hdr.sty
Package: fancyhdr 2025/02/07 v5.2 Extensive control of page headers and footers

\f@nch@headwidth=\skip62
\f@nch@offset@elh=\skip63
\f@nch@offset@erh=\skip64
\f@nch@offset@olh=\skip65
\f@nch@offset@orh=\skip66
\f@nch@offset@elf=\skip67
\f@nch@offset@erf=\skip68
\f@nch@offset@olf=\skip69
\f@nch@offset@orf=\skip70
\f@nch@height=\skip71
\f@nch@footalignment=\skip72
\f@nch@widthL=\skip73
\f@nch@widthC=\skip74
\f@nch@widthR=\skip75
\@temptokenb=\toks21
)
(C:\Users\Hector.Morales\AppData\Local\Programs\MiKTeX\tex/latex/geometry\geome
try.sty
Package: geometry 2020/01/02 v5.9 Page Geometry

(C:\Users\Hector.Morales\AppData\Local\Programs\MiKTeX\tex/generic/iftex\ifvtex
.sty
Package: ifvtex 2019/10/25 v1.7 ifvtex legacy package. Use iftex instead.

(C:\Users\Hector.Morales\AppData\Local\Programs\MiKTeX\tex/generic/iftex\iftex.
sty
Package: iftex 2024/12/12 v1.0g TeX engine tests
))
\Gm@cnth=\count290
\Gm@cntv=\count291
\c@Gm@tempcnt=\count292
\Gm@bindingoffset=\dimen156
\Gm@wd@mp=\dimen157
\Gm@odd@mp=\dimen158
\Gm@even@mp=\dimen159
\Gm@layoutwidth=\dimen160
\Gm@layoutheight=\dimen161
\Gm@layouthoffset=\dimen162
\Gm@layoutvoffset=\dimen163
\Gm@dimlist=\toks22

(C:\Users\Hector.Morales\AppData\Local\Programs\MiKTeX\tex/latex/geometry\geome
try.cfg))
(C:\Users\Hector.Morales\AppData\Local\Programs\MiKTeX\tex/latex/fncychap\fncyc
hap.sty
Package: fncychap 2007/07/30 v1.34 LaTeX package (Revised chapters)
\RW=\skip76
\mylen=\skip77
\myhi=\skip78
\px=\skip79
\py=\skip80
\pyy=\skip81
\pxx=\skip82
)
(C:\Users\Hector.Morales\AppData\Local\Programs\MiKTeX\tex/latex/marvosym\marvo
sym.sty
Package: marvosym 2011/07/20 v2.2 Martin Vogel's Symbols font definitions
))
(C:\Users\Hector.Morales\AppData\Local\Programs\MiKTeX\tex/latex/tools\longtabl
e.sty
Package: longtable 2024-12-18 v4.23 Multi-page Table package (DPC)
\LTleft=\skip83
\LTright=\skip84
\LTpre=\skip85
\LTpost=\skip86
\LTchunksize=\count293
\LTcapwidth=\dimen164
\LT@head=\box53
\LT@firsthead=\box54
\LT@foot=\box55
\LT@lastfoot=\box56
\LT@gbox=\box57
\LT@cols=\count294
\LT@rows=\count295
\c@LT@tables=\count296
\c@LT@chunks=\count297
\LT@p@ftn=\toks23
)
(C:\Users\Hector.Morales\AppData\Local\Programs\MiKTeX\tex/latex/hyperref\hyper
ref.sty
Package: hyperref 2025-07-12 v7.01o Hypertext links for LaTeX

(C:\Users\Hector.Morales\AppData\Local\Programs\MiKTeX\tex/latex/kvsetkeys\kvse
tkeys.sty
Package: kvsetkeys 2022-10-05 v1.19 Key value parser (HO)
)
(C:\Users\Hector.Morales\AppData\Local\Programs\MiKTeX\tex/generic/kvdefinekeys
\kvdefinekeys.sty
Package: kvdefinekeys 2019-12-19 v1.6 Define keys (HO)
)
(C:\Users\Hector.Morales\AppData\Local\Programs\MiKTeX\tex/generic/pdfescape\pd
fescape.sty
Package: pdfescape 2019/12/09 v1.15 Implements pdfTeX's escape features (HO)

(C:\Users\Hector.Morales\AppData\Local\Programs\MiKTeX\tex/generic/ltxcmds\ltxc
mds.sty
Package: ltxcmds 2023-12-04 v1.26 LaTeX kernel commands for general use (HO)
)
(C:\Users\Hector.Morales\AppData\Local\Programs\MiKTeX\tex/generic/pdftexcmds\p
dftexcmds.sty
Package: pdftexcmds 2020-06-27 v0.33 Utility functions of pdfTeX for LuaTeX (HO
)

(C:\Users\Hector.Morales\AppData\Local\Programs\MiKTeX\tex/generic/infwarerr\in
fwarerr.sty
Package: infwarerr 2019/12/03 v1.5 Providing info/warning/error messages (HO)
)
Package pdftexcmds Info: \pdf@primitive is available.
Package pdftexcmds Info: \pdf@ifprimitive is available.
Package pdftexcmds Info: \pdfdraftmode found.
))
(C:\Users\Hector.Morales\AppData\Local\Programs\MiKTeX\tex/latex/hycolor\hycolo
r.sty
Package: hycolor 2020-01-27 v1.10 Color options for hyperref/bookmark (HO)
)
(C:\Users\Hector.Morales\AppData\Local\Programs\MiKTeX\tex/latex/hyperref\namer
ef.sty
Package: nameref 2025-06-21 v2.57 Cross-referencing by name of section

(C:\Users\Hector.Morales\AppData\Local\Programs\MiKTeX\tex/latex/refcount\refco
unt.sty
Package: refcount 2019/12/15 v3.6 Data extraction from label references (HO)
)
(C:\Users\Hector.Morales\AppData\Local\Programs\MiKTeX\tex/generic/gettitlestri
ng\gettitlestring.sty
Package: gettitlestring 2019/12/15 v1.6 Cleanup title references (HO)

(C:\Users\Hector.Morales\AppData\Local\Programs\MiKTeX\tex/latex/kvoptions\kvop
tions.sty
Package: kvoptions 2022-06-15 v3.15 Key value format for package options (HO)
))
\c@section@level=\count298
)
(C:\Users\Hector.Morales\AppData\Local\Programs\MiKTeX\tex/latex/etoolbox\etool
box.sty
Package: etoolbox 2025/10/02 v2.5m e-TeX tools for LaTeX (JAW)
\etb@tempcnta=\count299
)
(C:\Users\Hector.Morales\AppData\Local\Programs\MiKTeX\tex/generic/stringenc\st
ringenc.sty
Package: stringenc 2019/11/29 v1.12 Convert strings between diff. encodings (HO
)
)
\@linkdim=\dimen165
\Hy@linkcounter=\count300
\Hy@pagecounter=\count301

(C:\Users\Hector.Morales\AppData\Local\Programs\MiKTeX\tex/latex/hyperref\pd1en
c.def
File: pd1enc.def 2025-07-12 v7.01o Hyperref: PDFDocEncoding definition (HO)
Now handling font encoding PD1 ...
... no UTF-8 mapping file for font encoding PD1
)
(C:\Users\Hector.Morales\AppData\Local\Programs\MiKTeX\tex/generic/intcalc\intc
alc.sty
Package: intcalc 2019/12/15 v1.3 Expandable calculations with integers (HO)
)
\Hy@SavedSpaceFactor=\count302

(C:\Users\Hector.Morales\AppData\Local\Programs\MiKTeX\tex/latex/hyperref\puenc
.def
File: puenc.def 2025-07-12 v7.01o Hyperref: PDF Unicode definition (HO)
Now handling font encoding PU ...
... no UTF-8 mapping file for font encoding PU
)
Package hyperref Info: Option `bookmarks' set `true' on input line 4066.
Package hyperref Info: Option `colorlinks' set `true' on input line 4066.
Package hyperref Info: Hyper figures OFF on input line 4195.
Package hyperref Info: Link nesting OFF on input line 4200.
Package hyperref Info: Hyper index ON on input line 4203.
Package hyperref Info: Plain pages OFF on input line 4210.
Package hyperref Info: Backreferencing OFF on input line 4215.
Package hyperref Info: Implicit mode ON; LaTeX internals redefined.
Package hyperref Info: Bookmarks ON on input line 4462.
\c@Hy@tempcnt=\count303

(C:\Users\Hector.Morales\AppData\Local\Programs\MiKTeX\tex/latex/url\url.sty
\Urlmuskip=\muskip17
Package: url 2013/09/16  ver 3.4  Verb mode for urls, etc.
)
LaTeX Info: Redefining \url on input line 4801.
\XeTeXLinkMargin=\dimen166

(C:\Users\Hector.Morales\AppData\Local\Programs\MiKTeX\tex/generic/bitset\bitse
t.sty
Package: bitset 2019/12/09 v1.3 Handle bit-vector datatype (HO)

(C:\Users\Hector.Morales\AppData\Local\Programs\MiKTeX\tex/generic/bigintcalc\b
igintcalc.sty
Package: bigintcalc 2019/12/15 v1.5 Expandable calculations on big integers (HO
)
))
\Fld@menulength=\count304
\Field@Width=\dimen167
\Fld@charsize=\dimen168
Package hyperref Info: Hyper figures OFF on input line 6078.
Package hyperref Info: Link nesting OFF on input line 6083.
Package hyperref Info: Hyper index ON on input line 6086.
Package hyperref Info: backreferencing OFF on input line 6093.
Package hyperref Info: Link coloring ON on input line 6096.
Package hyperref Info: Link coloring with OCG OFF on input line 6103.
Package hyperref Info: PDF/A mode OFF on input line 6108.
\Hy@abspage=\count305
\c@Item=\count306
\c@Hfootnote=\count307
)
Package hyperref Info: Driver: hpdftex.

(C:\Users\Hector.Morales\AppData\Local\Programs\MiKTeX\tex/latex/hyperref\hpdft
ex.def
File: hpdftex.def 2025-07-12 v7.01o Hyperref driver for pdfTeX
\Fld@listcount=\count308
\c@bookmark@seq@number=\count309

(C:\Users\Hector.Morales\AppData\Local\Programs\MiKTeX\tex/latex/rerunfilecheck
\rerunfilecheck.sty
Package: rerunfilecheck 2025-06-21 v1.11 Rerun checks for auxiliary files (HO)

(C:\Users\Hector.Morales\AppData\Local\Programs\MiKTeX\tex/generic/uniquecounte
r\uniquecounter.sty
Package: uniquecounter 2019/12/15 v1.4 Provide unlimited unique counter (HO)
)
Package uniquecounter Info: New unique counter `rerunfilecheck' on input line 2
84.
)
\Hy@SectionHShift=\skip87
)
(C:\Users\Hector.Morales\AppData\Local\Programs\MiKTeX\tex/latex/amsfonts\amssy
mb.sty
Package: amssymb 2013/01/14 v3.01 AMS font symbols

(C:\Users\Hector.Morales\AppData\Local\Programs\MiKTeX\tex/latex/amsfonts\amsfo
nts.sty
Package: amsfonts 2013/01/14 v3.01 Basic AMSFonts support
\@emptytoks=\toks24
\symAMSa=\mathgroup4
\symAMSb=\mathgroup5
LaTeX Font Info:    Redeclaring math symbol \hbar on input line 98.
LaTeX Font Info:    Overwriting math alphabet `\mathfrak' in version `bold'
(Font)                  U/euf/m/n --> U/euf/b/n on input line 106.
))
(C:\Users\Hector.Morales\AppData\Local\Programs\MiKTeX\tex/latex/colortbl\color
tbl.sty
Package: colortbl 2024/10/29 v1.0k Color table columns (DPC)

(C:\Users\Hector.Morales\AppData\Local\Programs\MiKTeX\tex/latex/tools\array.st
y
Package: array 2025/06/08 v2.6j Tabular extension package (FMi)
\col@sep=\dimen169
\ar@mcellbox=\box58
\extrarowheight=\dimen170
\NC@list=\toks25
\extratabsurround=\skip88
\backup@length=\skip89
\ar@cellbox=\box59
)
\everycr=\toks26
\minrowclearance=\skip90
\rownum=\count310
)
(C:\Users\Hector.Morales\AppData\Local\Programs\MiKTeX\tex/latex/multirow\multi
row.sty
Package: multirow 2024/11/12 v2.9 Span multiple rows of a table
\multirow@colwidth=\skip91
\multirow@cntb=\count311
\multirow@dima=\skip92
\bigstrutjot=\dimen171
))
(C:\Users\Hector.Morales\AppData\Local\Programs\MiKTeX\tex/latex/chapterfolder\
chapterfolder.sty
Package: chapterfolder 2005/11/24 v2.0 Package for dealing with folder
\c@@cf@currentpos=\count312
)
(C:\Users\Hector.Morales\AppData\Local\Programs\MiKTeX\tex/latex/listings\listi
ngs.sty
\lst@mode=\count313
\lst@gtempboxa=\box60
\lst@token=\toks27
\lst@length=\count314
\lst@currlwidth=\dimen172
\lst@column=\count315
\lst@pos=\count316
\lst@lostspace=\dimen173
\lst@width=\dimen174
\lst@newlines=\count317
\lst@lineno=\count318
\lst@maxwidth=\dimen175

(C:\Users\Hector.Morales\AppData\Local\Programs\MiKTeX\tex/latex/listings\lstpa
tch.sty
File: lstpatch.sty 2024/09/23 1.10c (Carsten Heinz)
)
(C:\Users\Hector.Morales\AppData\Local\Programs\MiKTeX\tex/latex/listings\lstmi
sc.sty
File: lstmisc.sty 2024/09/23 1.10c (Carsten Heinz)
\c@lstnumber=\count319
\lst@skipnumbers=\count320
\lst@framebox=\box61
)
(C:\Users\Hector.Morales\AppData\Local\Programs\MiKTeX\tex/latex/listings\listi
ngs.cfg
File: listings.cfg 2024/09/23 1.10c listings configuration
))
Package: listings 2024/09/23 1.10c (Carsten Heinz)

(C:\Users\Hector.Morales\AppData\Local\Programs\MiKTeX\tex/latex/keystroke\keys
troke.sty
Package: keystroke 2010/04/23 v1.6 3D keystrokes (SuSE GmbH/RN)
\suse@key=\box62
\keystroke@left=\box63
\keystroke@right=\box64
\keystroke@middle=\box65
<keystroke_left.pdf, id=1, 42.1575pt x 195.73125pt>
File: keystroke_left.pdf Graphic file (type pdf)
<use keystroke_left.pdf>
Package pdftex.def Info: keystroke_left.pdf  used on input line 171.
(pdftex.def)             Requested size: 42.15738pt x 195.73076pt.
<keystroke_middle.pdf, id=2, 116.435pt x 195.73125pt>
File: keystroke_middle.pdf Graphic file (type pdf)
<use keystroke_middle.pdf>
Package pdftex.def Info: keystroke_middle.pdf  used on input line 172.
(pdftex.def)             Requested size: 116.43471pt x 195.73076pt.
<keystroke_right.pdf, id=3, 42.1575pt x 195.73125pt>
File: keystroke_right.pdf Graphic file (type pdf)
<use keystroke_right.pdf>
Package pdftex.def Info: keystroke_right.pdf  used on input line 173.
(pdftex.def)             Requested size: 42.15738pt x 195.73076pt.
)
(C:\Users\Hector.Morales\AppData\Local\Programs\MiKTeX\tex/latex/pgf/utilities\
pgfkeys.sty
(C:\Users\Hector.Morales\AppData\Local\Programs\MiKTeX\tex/generic/pgf/utilitie
s\pgfkeys.code.tex
\pgfkeys@pathtoks=\toks28
\pgfkeys@temptoks=\toks29

(C:\Users\Hector.Morales\AppData\Local\Programs\MiKTeX\tex/generic/pgf/utilitie
s\pgfkeyslibraryfiltered.code.tex
\pgfkeys@tmptoks=\toks30
)))
(C:\Users\Hector.Morales\AppData\Local\Programs\MiKTeX\tex/latex/fontawesome5\f
ontawesome5.sty
(C:\Users\Hector.Morales\AppData\Local\Programs\MiKTeX\tex/latex/l3kernel\expl3
.sty
Package: expl3 2025-10-09 L3 programming layer (loader) 

(C:\Users\Hector.Morales\AppData\Local\Programs\MiKTeX\tex/latex/l3backend\l3ba
ckend-pdftex.def
File: l3backend-pdftex.def 2025-10-09 L3 backend support: PDF output (pdfTeX)
\l__color_backend_stack_int=\count321
))
Package: fontawesome5 2022/05/02 v5.15.4 Font Awesome 5

(C:\Users\Hector.Morales\AppData\Local\Programs\MiKTeX\tex/latex/l3packages/l3k
eys2e\l3keys2e.sty
Package: l3keys2e 2025-10-09 LaTeX2e option processing using LaTeX3 keys
)
(C:\Users\Hector.Morales\AppData\Local\Programs\MiKTeX\tex/latex/l3packages/xpa
rse\xparse.sty
Package: xparse 2025-10-09 L3 Experimental document command parser
)
(C:\Users\Hector.Morales\AppData\Local\Programs\MiKTeX\tex/latex/fontawesome5\f
ontawesome5-generic-helper.sty
Package: fontawesome5-generic-helper 2022/05/02 v5.15.4 non-uTeX helper for fon
tawesome5

(C:\Users\Hector.Morales\AppData\Local\Programs\MiKTeX\tex/latex/fontawesome5\f
ontawesome5-mapping.def)))
(C:\Users\Hector.Morales\AppData\Local\Programs\MiKTeX\tex/latex/amsmath\amsmat
h.sty
Package: amsmath 2025/06/16 v2.17y AMS math features
\@mathmargin=\skip93

For additional information on amsmath, use the `?' option.

(C:\Users\Hector.Morales\AppData\Local\Programs\MiKTeX\tex/latex/amsmath\amstex
t.sty
Package: amstext 2024/11/17 v2.01 AMS text

(C:\Users\Hector.Morales\AppData\Local\Programs\MiKTeX\tex/latex/amsmath\amsgen
.sty
File: amsgen.sty 1999/11/30 v2.0 generic functions
\@emptytoks=\toks31
\ex@=\dimen176
))
(C:\Users\Hector.Morales\AppData\Local\Programs\MiKTeX\tex/latex/amsmath\amsbsy
.sty
Package: amsbsy 1999/11/29 v1.2d Bold Symbols
\pmbraise@=\dimen177
)
(C:\Users\Hector.Morales\AppData\Local\Programs\MiKTeX\tex/latex/amsmath\amsopn
.sty
Package: amsopn 2022/04/08 v2.04 operator names
)
\inf@bad=\count322
LaTeX Info: Redefining \frac on input line 233.
\uproot@=\count323
\leftroot@=\count324
LaTeX Info: Redefining \overline on input line 398.
LaTeX Info: Redefining \colon on input line 409.
\classnum@=\count325
\DOTSCASE@=\count326
LaTeX Info: Redefining \ldots on input line 495.
LaTeX Info: Redefining \dots on input line 498.
LaTeX Info: Redefining \cdots on input line 619.
\Mathstrutbox@=\box66
\strutbox@=\box67
LaTeX Info: Redefining \big on input line 721.
LaTeX Info: Redefining \Big on input line 722.
LaTeX Info: Redefining \bigg on input line 723.
LaTeX Info: Redefining \Bigg on input line 724.
\big@size=\dimen178
LaTeX Font Info:    Redeclaring font encoding OML on input line 742.
LaTeX Font Info:    Redeclaring font encoding OMS on input line 743.
\macc@depth=\count327
LaTeX Info: Redefining \bmod on input line 904.
LaTeX Info: Redefining \pmod on input line 909.
LaTeX Info: Redefining \smash on input line 939.
LaTeX Info: Redefining \relbar on input line 969.
LaTeX Info: Redefining \Relbar on input line 970.
\c@MaxMatrixCols=\count328
\dotsspace@=\muskip18
\c@parentequation=\count329
\dspbrk@lvl=\count330
\tag@help=\toks32
\row@=\count331
\column@=\count332
\maxfields@=\count333
\andhelp@=\toks33
\eqnshift@=\dimen179
\alignsep@=\dimen180
\tagshift@=\dimen181
\tagwidth@=\dimen182
\totwidth@=\dimen183
\lineht@=\dimen184
\@envbody=\toks34
\multlinegap=\skip94
\multlinetaggap=\skip95
\mathdisplay@stack=\toks35
LaTeX Info: Redefining \[ on input line 2949.
LaTeX Info: Redefining \] on input line 2950.
))
(C:\Users\Hector.Morales\AppData\Local\Programs\MiKTeX\tex/latex/txfonts\txfont
s.sty
Package: txfonts 2008/01/22 v3.2.1
LaTeX Font Info:    Redeclaring symbol font `operators' on input line 21.
LaTeX Font Info:    Overwriting symbol font `operators' in version `normal'
(Font)                  OT1/cmbr/m/n --> OT1/txr/m/n on input line 21.
LaTeX Font Info:    Overwriting symbol font `operators' in version `bold'
(Font)                  OT1/cmbr/m/n --> OT1/txr/m/n on input line 21.
LaTeX Font Info:    Overwriting symbol font `operators' in version `bold'
(Font)                  OT1/txr/m/n --> OT1/txr/bx/n on input line 22.
\symitalic=\mathgroup6
LaTeX Font Info:    Overwriting symbol font `italic' in version `bold'
(Font)                  OT1/txr/m/it --> OT1/txr/bx/it on input line 26.
LaTeX Font Info:    Redeclaring math alphabet \mathbf on input line 29.
LaTeX Font Info:    Overwriting math alphabet `\mathbf' in version `normal'
(Font)                  OT1/cmbr/bx/n --> OT1/txr/bx/n on input line 29.
LaTeX Font Info:    Overwriting math alphabet `\mathbf' in version `bold'
(Font)                  OT1/cmbr/bx/n --> OT1/txr/bx/n on input line 29.
LaTeX Font Info:    Redeclaring math alphabet \mathit on input line 30.
LaTeX Font Info:    Overwriting math alphabet `\mathit' in version `normal'
(Font)                  OT1/cmbr/m/sl --> OT1/txr/m/it on input line 30.
LaTeX Font Info:    Overwriting math alphabet `\mathit' in version `bold'
(Font)                  OT1/cmbr/m/sl --> OT1/txr/m/it on input line 30.
LaTeX Font Info:    Overwriting math alphabet `\mathit' in version `bold'
(Font)                  OT1/txr/m/it --> OT1/txr/bx/it on input line 31.
LaTeX Font Info:    Redeclaring math alphabet \mathsf on input line 40.
LaTeX Font Info:    Overwriting math alphabet `\mathsf' in version `normal'
(Font)                  OT1/cmss/m/n --> OT1/txss/m/n on input line 40.
LaTeX Font Info:    Overwriting math alphabet `\mathsf' in version `bold'
(Font)                  OT1/cmss/bx/n --> OT1/txss/m/n on input line 40.
LaTeX Font Info:    Overwriting math alphabet `\mathsf' in version `bold'
(Font)                  OT1/txss/m/n --> OT1/txss/b/n on input line 41.
LaTeX Font Info:    Redeclaring math alphabet \mathtt on input line 50.
LaTeX Font Info:    Overwriting math alphabet `\mathtt' in version `normal'
(Font)                  OT1/cmtl/m/n --> OT1/txtt/m/n on input line 50.
LaTeX Font Info:    Overwriting math alphabet `\mathtt' in version `bold'
(Font)                  OT1/cmtl/m/n --> OT1/txtt/m/n on input line 50.
LaTeX Font Info:    Overwriting math alphabet `\mathtt' in version `bold'
(Font)                  OT1/txtt/m/n --> OT1/txtt/b/n on input line 51.
LaTeX Font Info:    Redeclaring symbol font `letters' on input line 58.
LaTeX Font Info:    Overwriting symbol font `letters' in version `normal'
(Font)                  OML/cmbrm/m/it --> OML/txmi/m/it on input line 58.
LaTeX Font Info:    Overwriting symbol font `letters' in version `bold'
(Font)                  OML/cmbrm/b/it --> OML/txmi/m/it on input line 58.
LaTeX Font Info:    Overwriting symbol font `letters' in version `bold'
(Font)                  OML/txmi/m/it --> OML/txmi/bx/it on input line 59.
\symlettersA=\mathgroup7
LaTeX Font Info:    Overwriting symbol font `lettersA' in version `bold'
(Font)                  U/txmia/m/it --> U/txmia/bx/it on input line 67.
LaTeX Font Info:    Redeclaring math alphabet \mathfrak on input line 70.
LaTeX Font Info:    Redeclaring symbol font `symbols' on input line 77.
LaTeX Font Info:    Overwriting symbol font `symbols' in version `normal'
(Font)                  OMS/cmbrs/m/n --> OMS/txsy/m/n on input line 77.
LaTeX Font Info:    Overwriting symbol font `symbols' in version `bold'
(Font)                  OMS/cmbrs/m/n --> OMS/txsy/m/n on input line 77.
LaTeX Font Info:    Overwriting symbol font `symbols' in version `bold'
(Font)                  OMS/txsy/m/n --> OMS/txsy/bx/n on input line 78.
LaTeX Font Info:    Redeclaring symbol font `AMSa' on input line 93.
LaTeX Font Info:    Overwriting symbol font `AMSa' in version `normal'
(Font)                  U/msa/m/n --> U/txsya/m/n on input line 93.
LaTeX Font Info:    Overwriting symbol font `AMSa' in version `bold'
(Font)                  U/msa/m/n --> U/txsya/m/n on input line 93.
LaTeX Font Info:    Overwriting symbol font `AMSa' in version `bold'
(Font)                  U/txsya/m/n --> U/txsya/bx/n on input line 94.
LaTeX Font Info:    Redeclaring symbol font `AMSb' on input line 102.
LaTeX Font Info:    Overwriting symbol font `AMSb' in version `normal'
(Font)                  U/msb/m/n --> U/txsyb/m/n on input line 102.
LaTeX Font Info:    Overwriting symbol font `AMSb' in version `bold'
(Font)                  U/msb/m/n --> U/txsyb/m/n on input line 102.
LaTeX Font Info:    Overwriting symbol font `AMSb' in version `bold'
(Font)                  U/txsyb/m/n --> U/txsyb/bx/n on input line 103.
\symsymbolsC=\mathgroup8
LaTeX Font Info:    Overwriting symbol font `symbolsC' in version `bold'
(Font)                  U/txsyc/m/n --> U/txsyc/bx/n on input line 113.
LaTeX Font Info:    Redeclaring symbol font `largesymbols' on input line 120.
LaTeX Font Info:    Overwriting symbol font `largesymbols' in version `normal'
(Font)                  OMX/cmex/m/n --> OMX/txex/m/n on input line 120.
LaTeX Font Info:    Overwriting symbol font `largesymbols' in version `bold'
(Font)                  OMX/cmex/m/n --> OMX/txex/m/n on input line 120.
LaTeX Font Info:    Overwriting symbol font `largesymbols' in version `bold'
(Font)                  OMX/txex/m/n --> OMX/txex/bx/n on input line 121.
\symlargesymbolsA=\mathgroup9
LaTeX Font Info:    Overwriting symbol font `largesymbolsA' in version `bold'
(Font)                  U/txexa/m/n --> U/txexa/bx/n on input line 129.
LaTeX Encoding Info:    Redeclaring text symbol \L (encoding OT1) on input line
 160.
LaTeX Encoding Info:    Redeclaring text symbol \l (encoding OT1) on input line
 161.
LaTeX Encoding Info:    Redeclaring text symbol \textsterling (encoding OT1) on
 input line 163.
LaTeX Font Info:    Redeclaring math symbol \mathsterling on input line 164.
LaTeX Info: Redefining \not on input line 1043.
) (config.tex)
LaTeX Font Info:    Trying to load font information for OT1+txss on input line 
19.

(C:\Users\Hector.Morales\AppData\Local\Programs\MiKTeX\tex/latex/txfonts\ot1txs
s.fd
File: ot1txss.fd 2000/12/15 v3.1
)
LaTeX Font Info:    Font shape `OT1/txss/m/n' will be
(Font)              scaled to size 9.49997pt on input line 19.

No file proyecto.aux.
\openout1 = `proyecto.aux'.

LaTeX Font Info:    Checking defaults for OML/txmi/m/it on input line 19.
LaTeX Font Info:    Trying to load font information for OML+txmi on input line 
19.

(C:\Users\Hector.Morales\AppData\Local\Programs\MiKTeX\tex/latex/txfonts\omltxm
i.fd
File: omltxmi.fd 2000/12/15 v3.1
)
LaTeX Font Info:    ... okay on input line 19.
LaTeX Font Info:    Checking defaults for OMS/txsy/m/n on input line 19.
LaTeX Font Info:    Trying to load font information for OMS+txsy on input line 
19.

(C:\Users\Hector.Morales\AppData\Local\Programs\MiKTeX\tex/latex/txfonts\omstxs
y.fd
File: omstxsy.fd 2000/12/15 v3.1
)
LaTeX Font Info:    ... okay on input line 19.
LaTeX Font Info:    Checking defaults for OT1/cmr/m/n on input line 19.
LaTeX Font Info:    ... okay on input line 19.
LaTeX Font Info:    Checking defaults for T1/cmr/m/n on input line 19.
LaTeX Font Info:    ... okay on input line 19.
LaTeX Font Info:    Checking defaults for TS1/cmr/m/n on input line 19.
LaTeX Font Info:    ... okay on input line 19.
LaTeX Font Info:    Checking defaults for OMX/txex/m/n on input line 19.
LaTeX Font Info:    Trying to load font information for OMX+txex on input line 
19.

(C:\Users\Hector.Morales\AppData\Local\Programs\MiKTeX\tex/latex/txfonts\omxtxe
x.fd
File: omxtxex.fd 2000/12/15 v3.1
)
LaTeX Font Info:    ... okay on input line 19.
LaTeX Font Info:    Checking defaults for U/txexa/m/n on input line 19.
LaTeX Font Info:    Trying to load font information for U+txexa on input line 1
9.

(C:\Users\Hector.Morales\AppData\Local\Programs\MiKTeX\tex/latex/txfonts\utxexa
.fd
File: utxexa.fd 2000/12/15 v3.1
)
LaTeX Font Info:    ... okay on input line 19.
LaTeX Font Info:    Checking defaults for PD1/pdf/m/n on input line 19.
LaTeX Font Info:    ... okay on input line 19.
LaTeX Font Info:    Checking defaults for PU/pdf/m/n on input line 19.
LaTeX Font Info:    ... okay on input line 19.
LaTeX Info: Redefining \. on input line 19.
LaTeX Info: Redefining \% on input line 19.
Package babel Info: 'spanish' activates 'spanish' shorthands.
(babel)             Reported on input line 19.

(C:\Users\Hector.Morales\AppData\Local\Programs\MiKTeX\tex/context/base/mkii\su
pp-pdf.mkii
[Loading MPS to PDF converter (version 2006.09.02).]
\scratchcounter=\count334
\scratchdimen=\dimen185
\scratchbox=\box68
\nofMPsegments=\count335
\nofMParguments=\count336
\everyMPshowfont=\toks36
\MPscratchCnt=\count337
\MPscratchDim=\dimen186
\MPnumerator=\count338
\makeMPintoPDFobject=\count339
\everyMPtoPDFconversion=\toks37
)
(C:\Users\Hector.Morales\AppData\Local\Programs\MiKTeX\tex/latex/epstopdf-pkg\e
pstopdf-base.sty
Package: epstopdf-base 2020-01-24 v2.11 Base part for package epstopdf
Package epstopdf-base Info: Redefining graphics rule for `.eps' on input line 4
85.

(C:\Users\Hector.Morales\AppData\Local\Programs\MiKTeX\tex/latex/00miktex\epsto
pdf-sys.cfg
File: epstopdf-sys.cfg 2021/03/18 v2.0 Configuration of epstopdf for MiKTeX
))
*geometry* driver: auto-detecting
*geometry* detected driver: pdftex
*geometry* verbose mode - [ preamble ] result:
* driver: pdftex
* paper: <default>
* layout: <same size as paper>
* layoutoffset:(h,v)=(0.0pt,0.0pt)
* modes: twoside 
* h-part:(L,W,R)=(56.9055pt, 500.484pt, 56.9055pt)
* v-part:(T,H,B)=(99.58464pt, 595.8007pt, 99.58464pt)
* \paperwidth=614.295pt
* \paperheight=794.96999pt
* \textwidth=500.484pt
* \textheight=595.8007pt
* \oddsidemargin=-15.36449pt
* \evensidemargin=-15.36449pt
* \topmargin=-47.65834pt
* \headheight=56.9055pt
* \headsep=18.06749pt
* \topskip=10.0pt
* \footskip=25.29494pt
* \marginparwidth=125.0pt
* \marginparsep=7.0pt
* \columnsep=10.0pt
* \skip\footins=9.0pt plus 4.0pt minus 2.0pt
* \hoffset=0.0pt
* \voffset=0.0pt
* \mag=1000
* \@twocolumnfalse
* \@twosidetrue
* \@mparswitchtrue
* \@reversemarginfalse
* (1in=72.27pt=25.4mm, 1cm=28.453pt)

Package hyperref Info: Link coloring ON on input line 19.
\@outlinefile=\write3
\openout3 = `proyecto.out'.

\c@lstlisting=\count340
LaTeX Font Info:    Font shape `OT1/txss/m/n' will be
(Font)              scaled to size 16.41594pt on input line 24.
LaTeX Font Info:    Font shape `OT1/txss/m/n' will be
(Font)              scaled to size 23.63593pt on input line 24.
LaTeX Font Info:    Font shape `OT1/txss/m/n' will be
(Font)              scaled to size 11.39996pt on input line 24.
LaTeX Font Info:    Trying to load font information for OT1+txr on input line 2
4.

(C:\Users\Hector.Morales\AppData\Local\Programs\MiKTeX\tex/latex/txfonts\ot1txr
.fd
File: ot1txr.fd 2000/12/15 v3.1
)
LaTeX Font Info:    Trying to load font information for U+txsya on input line 2
4.

(C:\Users\Hector.Morales\AppData\Local\Programs\MiKTeX\tex/latex/txfonts\utxsya
.fd
File: utxsya.fd 2000/12/15 v3.1
)
LaTeX Font Info:    Trying to load font information for U+txsyb on input line 2
4.

(C:\Users\Hector.Morales\AppData\Local\Programs\MiKTeX\tex/latex/txfonts\utxsyb
.fd
File: utxsyb.fd 2000/12/15 v3.1
)
LaTeX Font Info:    Trying to load font information for U+txmia on input line 2
4.

(C:\Users\Hector.Morales\AppData\Local\Programs\MiKTeX\tex/latex/txfonts\utxmia
.fd
File: utxmia.fd 2000/12/15 v3.1
)
LaTeX Font Info:    Trying to load font information for U+txsyc on input line 2
4.

(C:\Users\Hector.Morales\AppData\Local\Programs\MiKTeX\tex/latex/txfonts\utxsyc
.fd
File: utxsyc.fd 2000/12/15 v3.1
)

<theme/bannerAzul.png, id=6, 711.1368pt x 336.7782pt>
File: theme/bannerAzul.png Graphic file (type png)
<use theme/bannerAzul.png>
Package pdftex.def Info: theme/bannerAzul.png  used on input line 24.
(pdftex.def)             Requested size: 614.30019pt x 290.91858pt.
[1


{C:/Users/Hector.Morales/AppData/Local/MiKTeX/fonts/map/pdftex/pdftex.map}{C:/U
sers/Hector.Morales/AppData/Local/Programs/MiKTeX/fonts/enc/dvips/base/8r.enc} 
<./theme/bannerAzul.png>]

[2

]
LaTeX Font Info:    Font shape `OT1/txss/m/n' will be
(Font)              scaled to size 13.67995pt on input line 27.

No file proyecto.toc.
\tf@toc=\write4
\openout4 = `proyecto.toc'.



LaTeX Font Info:    Font shape `OT1/txss/m/sc' will be
(Font)              scaled to size 9.49997pt on input line 28.
[1

]

<theme/headerPar.png, id=25, 1204.5pt x 200.75pt>
File: theme/headerPar.png Graphic file (type png)
<use theme/headerPar.png>
Package pdftex.def Info: theme/headerPar.png  used on input line 28.
(pdftex.def)             Requested size: 210.00035pt x 35.0pt.
LaTeX Font Info:    Font shape `OT1/txss/m/n' will be
(Font)              scaled to size 7.59998pt on input line 28.
LaTeX Font Info:    Font shape `OT1/txss/m/sc' will be
(Font)              scaled to size 7.59998pt on input line 28.
LaTeX Font Info:    Font shape `OT1/txss/m/n' will be
(Font)              scaled to size 4.74998pt on input line 28.
LaTeX Font Info:    Font shape `OT1/txss/m/it' in size <5> not available
(Font)              Font shape `OT1/txss/m/sl' tried instead on input line 28.
LaTeX Font Info:    Font shape `OT1/txss/m/sl' will be
(Font)              scaled to size 4.74998pt on input line 28.
LaTeX Font Info:    Trying to load font information for U+mvs on input line 28.


(C:\Users\Hector.Morales\AppData\Local\Programs\MiKTeX\tex/latex/marvosym\umvs.
fd) [2

 <./theme/headerPar.png>]
No file proyecto.lof.
\tf@lof=\write5
\openout5 = `proyecto.lof'.



[3]

File: theme/headerPar.png Graphic file (type png)
<use theme/headerPar.png>
Package pdftex.def Info: theme/headerPar.png  used on input line 29.
(pdftex.def)             Requested size: 210.00035pt x 35.0pt.
[4

]
No file proyecto.lot.
\tf@lot=\write6
\openout6 = `proyecto.lot'.



[5]
\openout2 = `projectCharter.aux'.

 (projectCharter.tex

File: theme/headerPar.png Graphic file (type png)
<use theme/headerPar.png>
Package pdftex.def Info: theme/headerPar.png  used on input line 11.
(pdftex.def)             Requested size: 210.00035pt x 35.0pt.
[6


]
LaTeX Font Info:    Font shape `OT1/txss/b/n' will be
(Font)              scaled to size 9.49997pt on input line 17.
LaTeX Font Info:    Trying to load font information for TS1+txss on input line 
35.

(C:\Users\Hector.Morales\AppData\Local\Programs\MiKTeX\tex/latex/txfonts\ts1txs
s.fd
File: ts1txss.fd 2000/12/15 v3.1
)
LaTeX Font Info:    Font shape `TS1/txss/m/n' will be
(Font)              scaled to size 9.49997pt on input line 35.
)

<theme/headerInp.png, id=52, 1204.5pt x 200.75pt>
File: theme/headerInp.png Graphic file (type png)
<use theme/headerInp.png>
Package pdftex.def Info: theme/headerInp.png  used on input line 31.
(pdftex.def)             Requested size: 210.00035pt x 35.0pt.
[7 <./theme/headerInp.png>]

File: theme/headerPar.png Graphic file (type png)
<use theme/headerPar.png>
Package pdftex.def Info: theme/headerPar.png  used on input line 33.
(pdftex.def)             Requested size: 210.00035pt x 35.0pt.
[8



]
\openout2 = `1introduccion.aux'.

 (1introduccion.tex
Cap\'{\i }tulo 1.
LaTeX Font Info:    Font shape `OT1/txss/m/it' in size <10> not available
(Font)              Font shape `OT1/txss/m/sl' tried instead on input line 9.
LaTeX Font Info:    Font shape `OT1/txss/m/sl' will be
(Font)              scaled to size 9.49997pt on input line 9.
LaTeX Font Info:    Font shape `OT1/txss/b/n' will be
(Font)              scaled to size 13.67995pt on input line 13.

LaTeX Warning: Reference `cap:reqUsr' on page 1 undefined on input line 30.


LaTeX Warning: Reference `cap:reqSist' on page 1 undefined on input line 32.

)


pdfTeX warning (ext4): destination with the same identifier (name{page.1}) has 
been already used, duplicate ignored
<to be read again> 
                   \relax 
l.39 \include{1introduccion}
                            
<theme/pleca.png, id=66, 1638.12pt x 231.264pt>
File: theme/pleca.png Graphic file (type png)
<use theme/pleca.png>
Package pdftex.def Info: theme/pleca.png  used on input line 39.
(pdftex.def)             Requested size: 614.2935pt x 86.72379pt.
 [1


 <./theme/pleca.png>]
\openout2 = `2ModeloDelAlcance.aux'.

 (2ModeloDelAlcance.tex

File: theme/headerPar.png Graphic file (type png)
<use theme/headerPar.png>
Package pdftex.def Info: theme/headerPar.png  used on input line 4.
(pdftex.def)             Requested size: 210.00035pt x 35.0pt.

pdfTeX warning (ext4): destination with the same identifier (name{page.2}) has 
been already used, duplicate ignored
<to be read again> 
                   \relax 
l.4 \chapter
            {Modelo del alcance}
File: theme/pleca.png Graphic file (type png)
<use theme/pleca.png>
Package pdftex.def Info: theme/pleca.png  used on input line 4.
(pdftex.def)             Requested size: 614.2935pt x 86.72379pt.
 [2




]
Cap\'{\i }tulo 2.
LaTeX Font Info:    Font shape `OT1/txss/b/n' will be
(Font)              scaled to size 11.39996pt on input line 18.
LaTeX Font Info:    Font shape `OT1/txss/m/n' will be
(Font)              scaled to size 6.64998pt on input line 37.
LaTeX Font Info:    Font shape `OT1/txss/m/n' will be
(Font)              scaled to size 5.69998pt on input line 37.


File: theme/pleca.png Graphic file (type png)
<use theme/pleca.png>
Package pdftex.def Info: theme/pleca.png  used on input line 52.
(pdftex.def)             Requested size: 614.2935pt x 86.72379pt.
[3]
<images/organigramaEm.png, id=90, 525.6438pt x 250.536pt>
File: images/organigramaEm.png Graphic file (type png)
<use images/organigramaEm.png>
Package pdftex.def Info: images/organigramaEm.png  used on input line 124.
(pdftex.def)             Requested size: 400.38872pt x 190.84131pt.


File: theme/headerPar.png Graphic file (type png)
<use theme/headerPar.png>
Package pdftex.def Info: theme/headerPar.png  used on input line 136.
(pdftex.def)             Requested size: 210.00035pt x 35.0pt.
File: theme/pleca.png Graphic file (type png)
<use theme/pleca.png>
Package pdftex.def Info: theme/pleca.png  used on input line 136.
(pdftex.def)             Requested size: 614.2935pt x 86.72379pt.
[4]
<images/mapa.jpg, id=103, 640.3925pt x 480.79625pt>
File: images/mapa.jpg Graphic file (type jpg)
<use images/mapa.jpg>
Package pdftex.def Info: images/mapa.jpg  used on input line 140.
(pdftex.def)             Requested size: 400.38872pt x 300.60695pt.
LaTeX Font Info:    Font shape `OT1/txss/b/n' will be
(Font)              scaled to size 7.59998pt on input line 157.

Overfull \hbox (5.88156pt too wide) in paragraph at lines 160--160
[]|\OT1/txss/m/n/10 Iter.[]| 
 []


Overfull \hbox (2.03964pt too wide) in paragraph at lines 160--160
[]|\OT1/txss/b/n/10 TODO[]| 
 []


Underfull \hbox (badness 10000) in paragraph at lines 178--178

 []



File: theme/headerInp.png Graphic file (type png)
<use theme/headerInp.png>
Package pdftex.def Info: theme/headerInp.png  used on input line 178.
(pdftex.def)             Requested size: 210.00035pt x 35.0pt.
File: theme/pleca.png Graphic file (type png)
<use theme/pleca.png>
Package pdftex.def Info: theme/pleca.png  used on input line 178.
(pdftex.def)             Requested size: 614.2935pt x 86.72379pt.
[5 <./images/organigramaEm.png>]

File: theme/headerPar.png Graphic file (type png)
<use theme/headerPar.png>
Package pdftex.def Info: theme/headerPar.png  used on input line 178.
(pdftex.def)             Requested size: 210.00035pt x 35.0pt.
File: theme/pleca.png Graphic file (type png)
<use theme/pleca.png>
Package pdftex.def Info: theme/pleca.png  used on input line 178.
(pdftex.def)             Requested size: 614.2935pt x 86.72379pt.
[6 <./images/mapa.jpg>]
<images/arquitectura.png, id=121, 699.5736pt x 609.9588pt>
File: images/arquitectura.png Graphic file (type png)
<use images/arquitectura.png>
Package pdftex.def Info: images/arquitectura.png  used on input line 182.
(pdftex.def)             Requested size: 300.29344pt x 261.82112pt.


LaTeX Warning: Reference `fig:arquitectura' on page 7 undefined on input line 1
88.

)

File: theme/headerInp.png Graphic file (type png)
<use theme/headerInp.png>
Package pdftex.def Info: theme/headerInp.png  used on input line 42.
(pdftex.def)             Requested size: 210.00035pt x 35.0pt.
File: theme/pleca.png Graphic file (type png)
<use theme/pleca.png>
Package pdftex.def Info: theme/pleca.png  used on input line 42.
(pdftex.def)             Requested size: 614.2935pt x 86.72379pt.
[7 <./images/arquitectura.png>]
\openout2 = `3ModeloDelNegocio.aux'.

 (3ModeloDelNegocio.tex

File: theme/headerPar.png Graphic file (type png)
<use theme/headerPar.png>
Package pdftex.def Info: theme/headerPar.png  used on input line 4.
(pdftex.def)             Requested size: 210.00035pt x 35.0pt.
File: theme/pleca.png Graphic file (type png)
<use theme/pleca.png>
Package pdftex.def Info: theme/pleca.png  used on input line 4.
(pdftex.def)             Requested size: 614.2935pt x 86.72379pt.
[8




]
Cap\'{\i }tulo 3.
<cdt/images/actorRule.png, id=132, 1401.0744pt x 130.086pt>
File: cdt/images/actorRule.png Graphic file (type png)
<use cdt/images/actorRule.png>
Package pdftex.def Info: cdt/images/actorRule.png  used on input line 17.
(pdftex.def)             Requested size: 500.484pt x 46.46767pt.


File: theme/pleca.png Graphic file (type png)
<use theme/pleca.png>
Package pdftex.def Info: theme/pleca.png  used on input line 38.
(pdftex.def)             Requested size: 614.2935pt x 86.72379pt.
[9 <./cdt/images/actorRule.png>]

LaTeX Warning: Reference `fig:modeloDeDominio' on page 10 undefined on input li
ne 72.

<images/modeloDelDominioDelProblema.png, id=151, 1762.4244pt x 1340.8494pt>
File: images/modeloDelDominioDelProblema.png Graphic file (type png)
<use images/modeloDelDominioDelProblema.png>
Package pdftex.def Info: images/modeloDelDominioDelProblema.png  used on input 
line 76.
(pdftex.def)             Requested size: 1762.42012pt x 1340.84613pt.

LaTeX Warning: Float too large for page by 63.71478pt on input line 80.

<cdt/images/classRule.png, id=152, 1930.5726pt x 130.086pt>
File: cdt/images/classRule.png Graphic file (type png)
<use cdt/images/classRule.png>
Package pdftex.def Info: cdt/images/classRule.png  used on input line 82.
(pdftex.def)             Requested size: 500.484pt x 33.7223pt.

Overfull \hbox (3.92613pt too wide) in paragraph at lines 82--82
[]|\OT1/txss/m/n/10 Requerido| 
 []

File: theme/headerPar.png Graphic file (type png)
<use theme/headerPar.png>
Package pdftex.def Info: theme/headerPar.png  used on input line 103.
(pdftex.def)             Requested size: 210.00035pt x 35.0pt.
File: theme/pleca.png Graphic file (type png)
<use theme/pleca.png>
Package pdftex.def Info: theme/pleca.png  used on input line 103.
(pdftex.def)             Requested size: 614.2935pt x 86.72379pt.
[10 <./cdt/images/classRule.png>]
File: cdt/images/classRule.png Graphic file (type png)
<use cdt/images/classRule.png>
Package pdftex.def Info: cdt/images/classRule.png  used on input line 106.
(pdftex.def)             Requested size: 500.484pt x 33.7223pt.

Overfull \hbox (3.92613pt too wide) in paragraph at lines 106--106
[]|\OT1/txss/m/n/10 Requerido| 
 []

(3-1-reglas.tex
LaTeX Font Info:    Trying to load font information for U+fontawesomefree2 on i
nput line 12.

(C:\Users\Hector.Morales\AppData\Local\Programs\MiKTeX\tex/latex/fontawesome5\u
fontawesomefree2.fd)
LaTeX Font Info:    Trying to load font information for U+fontawesomefree1 on i
nput line 12.

(C:\Users\Hector.Morales\AppData\Local\Programs\MiKTeX\tex/latex/fontawesome5\u
fontawesomefree1.fd)
LaTeX Font Info:    Trying to load font information for U+fontawesomefree0 on i
nput line 12.

(C:\Users\Hector.Morales\AppData\Local\Programs\MiKTeX\tex/latex/fontawesome5\u
fontawesomefree0.fd)
Overfull \hbox (2.5624pt too wide) in paragraph at lines 12--12
[] 
 []



File: theme/headerInp.png Graphic file (type png)
<use theme/headerInp.png>
Package pdftex.def Info: theme/headerInp.png  used on input line 26.
(pdftex.def)             Requested size: 210.00035pt x 35.0pt.
File: theme/pleca.png Graphic file (type png)
<use theme/pleca.png>
Package pdftex.def Info: theme/pleca.png  used on input line 26.
(pdftex.def)             Requested size: 614.2935pt x 86.72379pt.
[11{C:/Users/Hector.Morales/AppData/Local/Programs/MiKTeX/fonts/enc/dvips/fonta
wesome5/fa5free2.enc}{C:/Users/Hector.Morales/AppData/Local/Programs/MiKTeX/fon
ts/enc/dvips/fontawesome5/fa5free1.enc}{C:/Users/Hector.Morales/AppData/Local/P
rograms/MiKTeX/fonts/enc/dvips/fontawesome5/fa5free0.enc}]

File: theme/headerPar.png Graphic file (type png)
<use theme/headerPar.png>
Package pdftex.def Info: theme/headerPar.png  used on input line 26.
(pdftex.def)             Requested size: 210.00035pt x 35.0pt.
File: theme/pleca.png Graphic file (type png)
<use theme/pleca.png>
Package pdftex.def Info: theme/pleca.png  used on input line 26.
(pdftex.def)             Requested size: 614.2935pt x 86.72379pt.
[12 <./images/modeloDelDominioDelProblema.png>]) (3-2-estados.tex

LaTeX Warning: Reference `fig:edos-prestamo' on page 13 undefined on input line
 8.

<images/edoPrestamo.png, id=218, 408.52625pt x 226.8475pt>
File: images/edoPrestamo.png Graphic file (type png)
<use images/edoPrestamo.png>
Package pdftex.def Info: images/edoPrestamo.png  used on input line 12.
(pdftex.def)             Requested size: 350.33727pt x 194.54506pt.
))

File: theme/headerInp.png Graphic file (type png)
<use theme/headerInp.png>
Package pdftex.def Info: theme/headerInp.png  used on input line 45.
(pdftex.def)             Requested size: 210.00035pt x 35.0pt.
File: theme/pleca.png Graphic file (type png)
<use theme/pleca.png>
Package pdftex.def Info: theme/pleca.png  used on input line 45.
(pdftex.def)             Requested size: 614.2935pt x 86.72379pt.
[13 <./images/edoPrestamo.png>]
\openout2 = `4ModeloDinamico.aux'.

 (4ModeloDinamico.tex

File: theme/headerPar.png Graphic file (type png)
<use theme/headerPar.png>
Package pdftex.def Info: theme/headerPar.png  used on input line 4.
(pdftex.def)             Requested size: 210.00035pt x 35.0pt.
File: theme/pleca.png Graphic file (type png)
<use theme/pleca.png>
Package pdftex.def Info: theme/pleca.png  used on input line 4.
(pdftex.def)             Requested size: 614.2935pt x 86.72379pt.
[14




]
Cap\'{\i }tulo 4.

LaTeX Warning: Reference `fig:casosDeUso' on page 15 undefined on input line 9.



LaTeX Warning: Reference `fig:casosDeUsoDetalle' on page 15 undefined on input 
line 9.

<images/casosDeUso.png, id=235, 726.5544pt x 370.0224pt>
File: images/casosDeUso.png Graphic file (type png)
<use images/casosDeUso.png>
Package pdftex.def Info: images/casosDeUso.png  used on input line 13.
(pdftex.def)             Requested size: 400.38872pt x 203.9138pt.
<images/casosDeUsoDetalle.png, id=236, 1653.0558pt x 995.3988pt>
File: images/casosDeUsoDetalle.png Graphic file (type png)
<use images/casosDeUsoDetalle.png>
Package pdftex.def Info: images/casosDeUsoDetalle.png  used on input line 21.
(pdftex.def)             Requested size: 1653.05179pt x 995.39638pt.

LaTeX Warning: Float too large for page by 20.5961pt on input line 25.

(cu/cu-template-corto.tex

File: theme/pleca.png Graphic file (type png)
<use theme/pleca.png>
Package pdftex.def Info: theme/pleca.png  used on input line 10.
(pdftex.def)             Requested size: 614.2935pt x 86.72379pt.
[15 <./images/casosDeUso.png>]

File: theme/headerPar.png Graphic file (type png)
<use theme/headerPar.png>
Package pdftex.def Info: theme/headerPar.png  used on input line 10.
(pdftex.def)             Requested size: 210.00035pt x 35.0pt.
File: theme/pleca.png Graphic file (type png)
<use theme/pleca.png>
Package pdftex.def Info: theme/pleca.png  used on input line 10.
(pdftex.def)             Requested size: 614.2935pt x 86.72379pt.
[16 <./images/casosDeUsoDetalle.png>]

File: theme/headerInp.png Graphic file (type png)
<use theme/headerInp.png>
Package pdftex.def Info: theme/headerInp.png  used on input line 10.
(pdftex.def)             Requested size: 210.00035pt x 35.0pt.
File: theme/pleca.png Graphic file (type png)
<use theme/pleca.png>
Package pdftex.def Info: theme/pleca.png  used on input line 10.
(pdftex.def)             Requested size: 614.2935pt x 86.72379pt.
[17]
<cdt/images/cuRule.png, id=256, 926.46124pt x 57.21375pt>
File: cdt/images/cuRule.png Graphic file (type png)
<use cdt/images/cuRule.png>
Package pdftex.def Info: cdt/images/cuRule.png  used on input line 10.
(pdftex.def)             Requested size: 550.53545pt x 33.9985pt.

Overfull \hbox (50.05145pt too wide) in paragraph at lines 10--10
[][] 
 []

<cdt/images/iu.png, id=261, 61.22874pt x 55.20625pt>
File: cdt/images/iu.png Graphic file (type png)
<use cdt/images/iu.png>
Package pdftex.def Info: cdt/images/iu.png  used on input line 45.
(pdftex.def)             Requested size: 11.09076pt x 10.0pt.

LaTeX Warning: Reference `UC1.etiqueta' on page 18 undefined on input line 68.


Underfull \hbox (badness 10000) in paragraph at lines 86--86

 []

<cdt/images/actor.png, id=263, 96.36pt x 74.2775pt>
File: cdt/images/actor.png Graphic file (type png)
<use cdt/images/actor.png>
Package pdftex.def Info: cdt/images/actor.png  used on input line 91.
(pdftex.def)             Requested size: 14.26958pt x 11.0pt.
<cdt/images/usecase.png, id=264, 91.34125pt x 61.22874pt>
File: cdt/images/usecase.png Graphic file (type png)
<use cdt/images/usecase.png>
Package pdftex.def Info: cdt/images/usecase.png  used on input line 91.
(pdftex.def)             Requested size: 16.40865pt x 11.0pt.
File: cdt/images/actor.png Graphic file (type png)
<use cdt/images/actor.png>
Package pdftex.def Info: cdt/images/actor.png  used on input line 92.
(pdftex.def)             Requested size: 14.26958pt x 11.0pt.
File: cdt/images/usecase.png Graphic file (type png)
<use cdt/images/usecase.png>
Package pdftex.def Info: cdt/images/usecase.png  used on input line 94.
(pdftex.def)             Requested size: 16.40865pt x 11.0pt.
File: cdt/images/iu.png Graphic file (type png)
<use cdt/images/iu.png>
Package pdftex.def Info: cdt/images/iu.png  used on input line 94.
(pdftex.def)             Requested size: 11.09076pt x 10.0pt.


File: theme/headerPar.png Graphic file (type png)
<use theme/headerPar.png>
Package pdftex.def Info: theme/headerPar.png  used on input line 96.
(pdftex.def)             Requested size: 210.00035pt x 35.0pt.
File: theme/pleca.png Graphic file (type png)
<use theme/pleca.png>
Package pdftex.def Info: theme/pleca.png  used on input line 96.
(pdftex.def)             Requested size: 614.2935pt x 86.72379pt.
[18 <./cdt/images/cuRule.png> <./cdt/images/iu.png> <./cdt/images/actor.png> <.
/cdt/images/usecase.png>]
File: cdt/images/actor.png Graphic file (type png)
<use cdt/images/actor.png>
Package pdftex.def Info: cdt/images/actor.png  used on input line 96.
(pdftex.def)             Requested size: 14.26958pt x 11.0pt.
File: cdt/images/actor.png Graphic file (type png)
<use cdt/images/actor.png>
Package pdftex.def Info: cdt/images/actor.png  used on input line 98.
(pdftex.def)             Requested size: 14.26958pt x 11.0pt.
File: cdt/images/usecase.png Graphic file (type png)
<use cdt/images/usecase.png>
Package pdftex.def Info: cdt/images/usecase.png  used on input line 100.
(pdftex.def)             Requested size: 16.40865pt x 11.0pt.
LaTeX Font Info:    Trying to load font information for U+fontawesomefree3 on i
nput line 100.

(C:\Users\Hector.Morales\AppData\Local\Programs\MiKTeX\tex/latex/fontawesome5\u
fontawesomefree3.fd)
File: cdt/images/usecase.png Graphic file (type png)
<use cdt/images/usecase.png>
Package pdftex.def Info: cdt/images/usecase.png  used on input line 102.
(pdftex.def)             Requested size: 16.40865pt x 11.0pt.
File: cdt/images/usecase.png Graphic file (type png)
<use cdt/images/usecase.png>
Package pdftex.def Info: cdt/images/usecase.png  used on input line 104.
(pdftex.def)             Requested size: 16.40865pt x 11.0pt.
File: cdt/images/usecase.png Graphic file (type png)
<use cdt/images/usecase.png>
Package pdftex.def Info: cdt/images/usecase.png  used on input line 108.
(pdftex.def)             Requested size: 16.40865pt x 11.0pt.
File: cdt/images/iu.png Graphic file (type png)
<use cdt/images/iu.png>
Package pdftex.def Info: cdt/images/iu.png  used on input line 108.
(pdftex.def)             Requested size: 11.09076pt x 10.0pt.
LaTeX Font Info:    Font shape `OT1/txss/m/n' will be
(Font)              scaled to size 8.54997pt on input line 114.
LaTeX Font Info:    Font shape `OT1/txss/b/n' will be
(Font)              scaled to size 8.54997pt on input line 114.
File: cdt/images/usecase.png Graphic file (type png)
<use cdt/images/usecase.png>
Package pdftex.def Info: cdt/images/usecase.png  used on input line 115.
(pdftex.def)             Requested size: 16.40865pt x 11.0pt.


LaTeX Warning: Reference `UCX.introduceDatos' on page 19 undefined on input lin
e 119.


LaTeX Warning: Reference `CUX.etiqueta' on page 19 undefined on input line 137.



LaTeX Warning: Reference `CUX.etiqueta' on page 19 undefined on input line 137.


) (cu/cu-template-largo.tex

File: theme/headerInp.png Graphic file (type png)
<use theme/headerInp.png>
Package pdftex.def Info: theme/headerInp.png  used on input line 10.
(pdftex.def)             Requested size: 210.00035pt x 35.0pt.
File: theme/pleca.png Graphic file (type png)
<use theme/pleca.png>
Package pdftex.def Info: theme/pleca.png  used on input line 10.
(pdftex.def)             Requested size: 614.2935pt x 86.72379pt.
[19{C:/Users/Hector.Morales/AppData/Local/Programs/MiKTeX/fonts/enc/dvips/fonta
wesome5/fa5free3.enc} <C:/Users/Hector.Morales/AppData/Local/Programs/MiKTeX/te
x/latex/keystroke/keystroke_left.pdf> <C:/Users/Hector.Morales/AppData/Local/Pr
ograms/MiKTeX/tex/latex/keystroke/keystroke_middle.pdf> <C:/Users/Hector.Morale
s/AppData/Local/Programs/MiKTeX/tex/latex/keystroke/keystroke_right.pdf>]
pdfTeX warning (ext4): destination with the same identifier (name{CUX}) has bee
n already used, duplicate ignored
<to be read again> 
                   \relax 
l.10 }
      
File: cdt/images/cuRule.png Graphic file (type png)
<use cdt/images/cuRule.png>
Package pdftex.def Info: cdt/images/cuRule.png  used on input line 10.
(pdftex.def)             Requested size: 550.53545pt x 33.9985pt.

Overfull \hbox (50.05145pt too wide) in paragraph at lines 10--10
[] 
 []

File: cdt/images/iu.png Graphic file (type png)
<use cdt/images/iu.png>
Package pdftex.def Info: cdt/images/iu.png  used on input line 82.
(pdftex.def)             Requested size: 11.09076pt x 10.0pt.

Underfull \hbox (badness 10000) in paragraph at lines 103--103
[]|\OT1/txss/b/n/10 Condici[]on de
 []


Underfull \hbox (badness 10000) in paragraph at lines 109--109
[]|\OT1/txss/b/n/10 Efectos co-la-te-ra-
 []


pdfTeX warning (ext4): destination with the same identifier (name{CUX.E1}) has 
been already used, duplicate ignored
<to be read again> 
                   \relax 
l.128 	}
        

LaTeX Warning: Reference `UC1.etiqueta' on page 20 undefined on input line 128.



pdfTeX warning (ext4): destination with the same identifier (name{CUX.E2}) has 
been already used, duplicate ignored
<to be read again> 
                   \relax 
l.128 	}
        
pdfTeX warning (ext4): destination with the same identifier (name{CUX.E1}) has 
been already used, duplicate ignored
<to be read again> 
                   \relax 
l.140 	}
        

LaTeX Warning: Reference `UC1.etiqueta' on page 20 undefined on input line 140.



pdfTeX warning (ext4): destination with the same identifier (name{CUX.E2}) has 
been already used, duplicate ignored
<to be read again> 
                   \relax 
l.140 	}
        
Underfull \hbox (badness 10000) in paragraph at lines 146--146
[]|\OT1/txss/b/n/10 Consideraciones
 []


pdfTeX warning (ext4): destination with the same identifier (name{CUX.E1}) has 
been already used, duplicate ignored
<to be read again> 
                   \relax 
l.152 	}
        \UCitem{Preguntas}{

LaTeX Warning: Reference `UC1.etiqueta' on page 20 undefined on input line 152.



pdfTeX warning (ext4): destination with the same identifier (name{CUX.E2}) has 
been already used, duplicate ignored
<to be read again> 
                   \relax 
l.152 	}
        \UCitem{Preguntas}{
File: theme/headerPar.png Graphic file (type png)
<use theme/headerPar.png>
Package pdftex.def Info: theme/headerPar.png  used on input line 168.
(pdftex.def)             Requested size: 210.00035pt x 35.0pt.
File: theme/pleca.png Graphic file (type png)
<use theme/pleca.png>
Package pdftex.def Info: theme/pleca.png  used on input line 168.
(pdftex.def)             Requested size: 614.2935pt x 86.72379pt.
 [20]
Underfull \hbox (badness 10000) in paragraph at lines 171--171

 []

File: cdt/images/actor.png Graphic file (type png)
<use cdt/images/actor.png>
Package pdftex.def Info: cdt/images/actor.png  used on input line 176.
(pdftex.def)             Requested size: 14.26958pt x 11.0pt.
File: cdt/images/usecase.png Graphic file (type png)
<use cdt/images/usecase.png>
Package pdftex.def Info: cdt/images/usecase.png  used on input line 178.
(pdftex.def)             Requested size: 16.40865pt x 11.0pt.
File: cdt/images/iu.png Graphic file (type png)
<use cdt/images/iu.png>
Package pdftex.def Info: cdt/images/iu.png  used on input line 178.
(pdftex.def)             Requested size: 11.09076pt x 10.0pt.
File: cdt/images/actor.png Graphic file (type png)
<use cdt/images/actor.png>
Package pdftex.def Info: cdt/images/actor.png  used on input line 180.
(pdftex.def)             Requested size: 14.26958pt x 11.0pt.
File: cdt/images/actor.png Graphic file (type png)
<use cdt/images/actor.png>
Package pdftex.def Info: cdt/images/actor.png  used on input line 182.
(pdftex.def)             Requested size: 14.26958pt x 11.0pt.
File: cdt/images/usecase.png Graphic file (type png)
<use cdt/images/usecase.png>
Package pdftex.def Info: cdt/images/usecase.png  used on input line 184.
(pdftex.def)             Requested size: 16.40865pt x 11.0pt.
File: cdt/images/usecase.png Graphic file (type png)
<use cdt/images/usecase.png>
Package pdftex.def Info: cdt/images/usecase.png  used on input line 186.
(pdftex.def)             Requested size: 16.40865pt x 11.0pt.
File: cdt/images/usecase.png Graphic file (type png)
<use cdt/images/usecase.png>
Package pdftex.def Info: cdt/images/usecase.png  used on input line 188.
(pdftex.def)             Requested size: 16.40865pt x 11.0pt.
File: cdt/images/usecase.png Graphic file (type png)
<use cdt/images/usecase.png>
Package pdftex.def Info: cdt/images/usecase.png  used on input line 192.
(pdftex.def)             Requested size: 16.40865pt x 11.0pt.
File: cdt/images/iu.png Graphic file (type png)
<use cdt/images/iu.png>
Package pdftex.def Info: cdt/images/iu.png  used on input line 192.
(pdftex.def)             Requested size: 11.09076pt x 10.0pt.


File: theme/headerInp.png Graphic file (type png)
<use theme/headerInp.png>
Package pdftex.def Info: theme/headerInp.png  used on input line 193.
(pdftex.def)             Requested size: 210.00035pt x 35.0pt.
File: theme/pleca.png Graphic file (type png)
<use theme/pleca.png>
Package pdftex.def Info: theme/pleca.png  used on input line 193.
(pdftex.def)             Requested size: 614.2935pt x 86.72379pt.
[21]
File: cdt/images/usecase.png Graphic file (type png)
<use cdt/images/usecase.png>
Package pdftex.def Info: cdt/images/usecase.png  used on input line 199.
(pdftex.def)             Requested size: 16.40865pt x 11.0pt.


LaTeX Warning: Reference `UCX.introduceDatos' on page 22 undefined on input lin
e 203.


LaTeX Warning: Reference `CUX.etiqueta' on page 22 undefined on input line 221.



LaTeX Warning: Reference `CUX.etiqueta' on page 22 undefined on input line 221.


))

File: theme/headerPar.png Graphic file (type png)
<use theme/headerPar.png>
Package pdftex.def Info: theme/headerPar.png  used on input line 48.
(pdftex.def)             Requested size: 210.00035pt x 35.0pt.
File: theme/pleca.png Graphic file (type png)
<use theme/pleca.png>
Package pdftex.def Info: theme/pleca.png  used on input line 48.
(pdftex.def)             Requested size: 614.2935pt x 86.72379pt.
[22]
\openout2 = `5ModeloDeInteraccion.aux'.

 (5ModeloDeInteraccion.tex
Cap\'{\i }tulo 5.

LaTeX Warning: Reference `fig:mapa' on page 23 undefined on input line 16.


Underfull \hbox (badness 10000) in paragraph at lines 16--17

 []

File: images/mapa.jpg Graphic file (type jpg)
<use images/mapa.jpg>
Package pdftex.def Info: images/mapa.jpg  used on input line 20.
(pdftex.def)             Requested size: 350.33727pt x 263.03017pt.
(iu/iu-template.tex
File: cdt/images/iu.png Graphic file (type png)
<use cdt/images/iu.png>
Package pdftex.def Info: cdt/images/iu.png  used on input line 9.
(pdftex.def)             Requested size: 11.09076pt x 10.0pt.
<images/Login.png, id=373, 354.32375pt x 252.945pt>
File: images/Login.png Graphic file (type png)
<use images/Login.png>
Package pdftex.def Info: images/Login.png  used on input line 11.
(pdftex.def)             Requested size: 350.33727pt x 250.10368pt.


File: theme/pleca.png Graphic file (type png)
<use theme/pleca.png>
Package pdftex.def Info: theme/pleca.png  used on input line 20.
(pdftex.def)             Requested size: 614.2935pt x 86.72379pt.
[23




]
File: cdt/images/iu.png Graphic file (type png)
<use cdt/images/iu.png>
Package pdftex.def Info: cdt/images/iu.png  used on input line 34.
(pdftex.def)             Requested size: 11.09076pt x 10.0pt.
File: cdt/images/iu.png Graphic file (type png)
<use cdt/images/iu.png>
Package pdftex.def Info: cdt/images/iu.png  used on input line 35.
(pdftex.def)             Requested size: 11.09076pt x 10.0pt.
) (5-1-Mensajes.tex

File: theme/headerPar.png Graphic file (type png)
<use theme/headerPar.png>
Package pdftex.def Info: theme/headerPar.png  used on input line 9.
(pdftex.def)             Requested size: 210.00035pt x 35.0pt.
File: theme/pleca.png Graphic file (type png)
<use theme/pleca.png>
Package pdftex.def Info: theme/pleca.png  used on input line 9.
(pdftex.def)             Requested size: 614.2935pt x 86.72379pt.
[24]

File: theme/headerInp.png Graphic file (type png)
<use theme/headerInp.png>
Package pdftex.def Info: theme/headerInp.png  used on input line 24.
(pdftex.def)             Requested size: 210.00035pt x 35.0pt.
File: theme/pleca.png Graphic file (type png)
<use theme/pleca.png>
Package pdftex.def Info: theme/pleca.png  used on input line 24.
(pdftex.def)             Requested size: 614.2935pt x 86.72379pt.
[25 <./images/Login.png>]

File: theme/headerPar.png Graphic file (type png)
<use theme/headerPar.png>
Package pdftex.def Info: theme/headerPar.png  used on input line 99.
(pdftex.def)             Requested size: 210.00035pt x 35.0pt.
File: theme/pleca.png Graphic file (type png)
<use theme/pleca.png>
Package pdftex.def Info: theme/pleca.png  used on input line 99.
(pdftex.def)             Requested size: 614.2935pt x 86.72379pt.
[26]))

File: theme/headerInp.png Graphic file (type png)
<use theme/headerInp.png>
Package pdftex.def Info: theme/headerInp.png  used on input line 51.
(pdftex.def)             Requested size: 210.00035pt x 35.0pt.
File: theme/pleca.png Graphic file (type png)
<use theme/pleca.png>
Package pdftex.def Info: theme/pleca.png  used on input line 51.
(pdftex.def)             Requested size: 614.2935pt x 86.72379pt.
[27] (proyecto.aux
LaTeX Info: Redefining \. on input line 11.
LaTeX Info: Redefining \% on input line 11.
 (projectCharter.aux) (1introduccion.aux)
(2ModeloDelAlcance.aux) (3ModeloDelNegocio.aux) (4ModeloDinamico.aux)
(5ModeloDeInteraccion.aux))
 ***********
LaTeX2e <2025-06-01> patch level 1
L3 programming layer <2025-10-09>
 ***********


LaTeX Warning: There were undefined references.


LaTeX Warning: Label(s) may have changed. Rerun to get cross-references right.


Package rerunfilecheck Warning: File `proyecto.out' has changed.
(rerunfilecheck)                Rerun to get outlines right
(rerunfilecheck)                or use package `bookmark'.

Package rerunfilecheck Info: Checksums for `proyecto.out':
(rerunfilecheck)             Before: <no file>
(rerunfilecheck)             After:  3D1151AABAD61047DCFD32D36D141F3B;8945.
 ) 
Here is how much of TeX's memory you used:
 20196 strings out of 468080
 347040 string characters out of 5421415
 752869 words of memory out of 5000000
 48283 multiletter control sequences out of 15000+600000
 688137 words of font info for 165 fonts, out of 8000000 for 9000
 1141 hyphenation exceptions out of 8191
 105i,16n,107p,484b,668s stack positions out of 10000i,1000n,20000p,200000b,200000s

pdfTeX warning (dest): name{Usuario.login} has been referenced but does not exi
st, replaced by a fixed one


pdfTeX warning (dest): name{Usuario.nombre} has been referenced but does not ex
ist, replaced by a fixed one


pdfTeX warning (dest): name{IU50} has been referenced but does not exist, repla
ced by a fixed one


pdfTeX warning (dest): name{UI32} has been referenced but does not exist, repla
ced by a fixed one


pdfTeX warning (dest): name{CU3.4} has been referenced but does not exist, repl
aced by a fixed one


pdfTeX warning (dest): name{MSG1} has been referenced but does not exist, repla
ced by a fixed one


pdfTeX warning (dest): name{CUY.B} has been referenced but does not exist, repl
aced by a fixed one


pdfTeX warning (dest): name{CUY.A} has been referenced but does not exist, repl
aced by a fixed one


pdfTeX warning (dest): name{CUZ} has been referenced but does not exist, replac
ed by a fixed one


pdfTeX warning (dest): name{IU2} has been referenced but does not exist, replac
ed by a fixed one


pdfTeX warning (dest): name{CUY} has been referenced but does not exist, replac
ed by a fixed one


pdfTeX warning (dest): name{CUX.B} has been referenced but does not exist, repl
aced by a fixed one


pdfTeX warning (dest): name{CUX.E3} has been referenced but does not exist, rep
laced by a fixed one


pdfTeX warning (dest): name{CUX.A} has been referenced but does not exist, repl
aced by a fixed one


pdfTeX warning (dest): name{IU1} has been referenced but does not exist, replac
ed by a fixed one


pdfTeX warning (dest): name{IUX} has been referenced but does not exist, replac
ed by a fixed one


pdfTeX warning (dest): name{Entidad.Atributo} has been referenced but does not 
exist, replaced by a fixed one


pdfTeX warning (dest): name{IdDelActor} has been referenced but does not exist,
 replaced by a fixed one


pdfTeX warning (dest): name{CUCE3.3} has been referenced but does not exist, re
placed by a fixed one


pdfTeX warning (dest): name{CUCE3.2} has been referenced but does not exist, re
placed by a fixed one


pdfTeX warning (dest): name{Pais} has been referenced but does not exist, repla
ced by a fixed one


pdfTeX warning (dest): name{Curso} has been referenced but does not exist, repl
aced by a fixed one


pdfTeX warning (dest): name{Domicilio} has been referenced but does not exist, 
replaced by a fixed one

<C:/Users/Hector.Morales/AppData/Local/Programs/MiKTeX/fonts/type1/public/fonta
wesome5/FontAwesome5Free-Solid.pfb><C:/Users/Hector.Morales/AppData/Local/Progr
ams/MiKTeX/fonts/type1/public/marvosym/marvosym.pfb><C:/Users/Hector.Morales/Ap
pData/Local/Programs/MiKTeX/fonts/type1/public/txfonts/rtcxss.pfb><C:/Users/Hec
tor.Morales/AppData/Local/Programs/MiKTeX/fonts/type1/public/txfonts/rtxmi.pfb>
<C:/Users/Hector.Morales/AppData/Local/Programs/MiKTeX/fonts/type1/public/txfon
ts/rtxsssc.pfb><C:/Users/Hector.Morales/AppData/Local/Programs/MiKTeX/fonts/typ
e1/public/txfonts/txsy.pfb><C:/Users/Hector.Morales/AppData/Local/Programs/MiKT
eX/fonts/type1/public/txfonts/txsya.pfb><C:/Users/Hector.Morales/AppData/Local/
Programs/MiKTeX/fonts/type1/public/txfonts/txsyc.pfb><C:/Users/Hector.Morales/A
ppData/Local/Programs/MiKTeX/fonts/type1/urw/helvetic/uhvb8a.pfb><C:/Users/Hect
or.Morales/AppData/Local/Programs/MiKTeX/fonts/type1/urw/helvetic/uhvr8a.pfb><C
:/Users/Hector.Morales/AppData/Local/Programs/MiKTeX/fonts/type1/urw/helvetic/u
hvr8a.pfb><C:/Users/Hector.Morales/AppData/Local/Programs/MiKTeX/fonts/type1/ur
w/times/utmr8a.pfb>
Output written on proyecto.pdf (37 pages, 4661218 bytes).
PDF statistics:
 526 PDF objects out of 1000 (max. 8388607)
 191 named destinations out of 1000 (max. 500000)
 106 words of extra memory for PDF output out of 10000 (max. 10000000)

